{"C:\\Users\\bobop\\Documents\\own\\storybook": {"path":"C:\\Users\\bobop\\Documents\\own\\storybook","statementMap":{},"fnMap":{},"branchMap":{},"s":{},"f":{},"b":{},"meta":{"lastBranch":0,"lastFunction":0,"lastStatement":0,"seen":{}}}
,"C:\\Users\\bobop\\Documents\\own\\storybook\\src\\components\\atoms\\Avatar\\Avatar.tsx": {"path":"C:\\Users\\bobop\\Documents\\own\\storybook\\src\\components\\atoms\\Avatar\\Avatar.tsx","statementMap":{"0":{"start":{"line":1,"column":51},"end":{"line":1,"column":null}},"1":{"start":{"line":6,"column":81},"end":{"line":12,"column":null}},"2":{"start":{"line":14,"column":51},"end":{"line":19,"column":null}},"3":{"start":{"line":45,"column":13},"end":{"line":119,"column":null}},"4":{"start":{"line":55,"column":29},"end":{"line":55,"column":null}},"5":{"start":{"line":57,"column":38},"end":{"line":64,"column":null}},"6":{"start":{"line":66,"column":40},"end":{"line":80,"column":null}},"7":{"start":{"line":82,"column":34},"end":{"line":87,"column":null}},"8":{"start":{"line":89,"column":37},"end":{"line":100,"column":null}},"9":{"start":{"line":102,"column":2},"end":{"line":119,"column":null}},"10":{"start":{"line":124,"column":13},"end":{"line":165,"column":null}},"11":{"start":{"line":131,"column":18},"end":{"line":131,"column":null}},"12":{"start":{"line":132,"column":18},"end":{"line":132,"column":39}},"13":{"start":{"line":133,"column":19},"end":{"line":133,"column":null}},"14":{"start":{"line":135,"column":36},"end":{"line":139,"column":null}},"15":{"start":{"line":141,"column":35},"end":{"line":146,"column":null}},"16":{"start":{"line":148,"column":2},"end":{"line":165,"column":null}},"17":{"start":{"line":163,"column":8},"end":{"line":163,"column":null}}},"fnMap":{"0":{"name":"(anonymous_0)","decl":{"start":{"line":45,"column":13},"end":{"line":45,"column":23}},"loc":{"start":{"line":54,"column":19},"end":{"line":119,"column":null}},"line":54},"1":{"name":"(anonymous_1)","decl":{"start":{"line":124,"column":13},"end":{"line":124,"column":28}},"loc":{"start":{"line":130,"column":24},"end":{"line":165,"column":null}},"line":130},"2":{"name":"(anonymous_2)","decl":{"start":{"line":162,"column":30},"end":{"line":162,"column":35}},"loc":{"start":{"line":163,"column":8},"end":{"line":163,"column":null}},"line":163}},"branchMap":{"0":{"loc":{"start":{"line":47,"column":2},"end":{"line":47,"column":null}},"type":"default-arg","locations":[{"start":{"line":47,"column":8},"end":{"line":47,"column":null}}],"line":47},"1":{"loc":{"start":{"line":50,"column":2},"end":{"line":50,"column":null}},"type":"default-arg","locations":[{"start":{"line":50,"column":9},"end":{"line":50,"column":null}}],"line":50},"2":{"loc":{"start":{"line":96,"column":16},"end":{"line":96,"column":null}},"type":"cond-expr","locations":[{"start":{"line":96,"column":25},"end":{"line":96,"column":48}},{"start":{"line":96,"column":48},"end":{"line":96,"column":null}}],"line":96},"3":{"loc":{"start":{"line":103,"column":60},"end":{"line":103,"column":null}},"type":"binary-expr","locations":[{"start":{"line":103,"column":60},"end":{"line":103,"column":67}},{"start":{"line":103,"column":67},"end":{"line":103,"column":null}}],"line":103},"4":{"loc":{"start":{"line":105,"column":9},"end":{"line":115,"column":null}},"type":"cond-expr","locations":[{"start":{"line":106,"column":10},"end":{"line":107,"column":null}},{"start":{"line":107,"column":12},"end":{"line":115,"column":null}}],"line":105},"5":{"loc":{"start":{"line":107,"column":12},"end":{"line":115,"column":null}},"type":"cond-expr","locations":[{"start":{"line":108,"column":10},"end":{"line":108,"column":null}},{"start":{"line":109,"column":12},"end":{"line":115,"column":null}}],"line":107},"6":{"loc":{"start":{"line":109,"column":12},"end":{"line":115,"column":null}},"type":"cond-expr","locations":[{"start":{"line":110,"column":10},"end":{"line":113,"column":11}},{"start":{"line":113,"column":10},"end":{"line":115,"column":null}}],"line":109},"7":{"loc":{"start":{"line":118,"column":7},"end":{"line":119,"column":null}},"type":"binary-expr","locations":[{"start":{"line":118,"column":7},"end":{"line":118,"column":17}},{"start":{"line":118,"column":17},"end":{"line":119,"column":null}}],"line":118},"8":{"loc":{"start":{"line":126,"column":2},"end":{"line":126,"column":null}},"type":"default-arg","locations":[{"start":{"line":126,"column":9},"end":{"line":126,"column":null}}],"line":126},"9":{"loc":{"start":{"line":127,"column":2},"end":{"line":127,"column":null}},"type":"default-arg","locations":[{"start":{"line":127,"column":8},"end":{"line":127,"column":null}}],"line":127},"10":{"loc":{"start":{"line":150,"column":7},"end":{"line":162,"column":8}},"type":"binary-expr","locations":[{"start":{"line":150,"column":7},"end":{"line":150,"column":null}},{"start":{"line":151,"column":8},"end":{"line":162,"column":8}}],"line":150}},"s":{"0":6,"1":6,"2":6,"3":6,"4":121,"5":121,"6":121,"7":121,"8":121,"9":121,"10":6,"11":1,"12":1,"13":1,"14":1,"15":1,"16":1,"17":4},"f":{"0":121,"1":1,"2":4},"b":{"0":[121],"1":[121],"2":[38,83],"3":[121,118],"4":[3,118],"5":[0,118],"6":[117,1],"7":[121,38],"8":[1],"9":[1],"10":[1,1]},"meta":{"lastBranch":11,"lastFunction":3,"lastStatement":18,"seen":{"s:1:51:1:Infinity":0,"s:6:81:12:Infinity":1,"s:14:51:19:Infinity":2,"s:45:13:119:Infinity":3,"f:45:13:45:23":0,"b:47:8:47:Infinity":0,"b:50:9:50:Infinity":1,"s:55:29:55:Infinity":4,"s:57:38:64:Infinity":5,"s:66:40:80:Infinity":6,"s:82:34:87:Infinity":7,"s:89:37:100:Infinity":8,"b:96:25:96:48:96:48:96:Infinity":2,"s:102:2:119:Infinity":9,"b:103:60:103:67:103:67:103:Infinity":3,"b:106:10:107:Infinity:107:12:115:Infinity":4,"b:108:10:108:Infinity:109:12:115:Infinity":5,"b:110:10:113:11:113:10:115:Infinity":6,"b:118:7:118:17:118:17:119:Infinity":7,"s:124:13:165:Infinity":10,"f:124:13:124:28":1,"b:126:9:126:Infinity":8,"b:127:8:127:Infinity":9,"s:131:18:131:Infinity":11,"s:132:18:132:39":12,"s:133:19:133:Infinity":13,"s:135:36:139:Infinity":14,"s:141:35:146:Infinity":15,"s:148:2:165:Infinity":16,"b:150:7:150:Infinity:151:8:162:8":10,"f:162:30:162:35":2,"s:163:8:163:Infinity":17}}}
,"C:\\Users\\bobop\\Documents\\own\\storybook\\src\\components\\atoms\\Avatar\\index.ts": {"path":"C:\\Users\\bobop\\Documents\\own\\storybook\\src\\components\\atoms\\Avatar\\index.ts","statementMap":{},"fnMap":{},"branchMap":{},"s":{},"f":{},"b":{},"meta":{"lastBranch":0,"lastFunction":0,"lastStatement":0,"seen":{}}}
,"C:\\Users\\bobop\\Documents\\own\\storybook\\src\\components\\atoms\\Badge\\Badge.tsx": {"path":"C:\\Users\\bobop\\Documents\\own\\storybook\\src\\components\\atoms\\Badge\\Badge.tsx","statementMap":{"0":{"start":{"line":1,"column":51},"end":{"line":1,"column":null}},"1":{"start":{"line":7,"column":97},"end":{"line":44,"column":null}},"2":{"start":{"line":55,"column":13},"end":{"line":117,"column":null}},"3":{"start":{"line":63,"column":12},"end":{"line":63,"column":null}},"4":{"start":{"line":65,"column":2},"end":{"line":90,"column":null}},"5":{"start":{"line":66,"column":4},"end":{"line":90,"column":null}},"6":{"start":{"line":94,"column":19},"end":{"line":94,"column":null}},"7":{"start":{"line":96,"column":35},"end":{"line":112,"column":null}},"8":{"start":{"line":114,"column":2},"end":{"line":117,"column":null}}},"fnMap":{"0":{"name":"(anonymous_0)","decl":{"start":{"line":55,"column":13},"end":{"line":55,"column":22}},"loc":{"start":{"line":62,"column":18},"end":{"line":117,"column":null}},"line":62}},"branchMap":{"0":{"loc":{"start":{"line":57,"column":2},"end":{"line":57,"column":null}},"type":"default-arg","locations":[{"start":{"line":57,"column":12},"end":{"line":57,"column":null}}],"line":57},"1":{"loc":{"start":{"line":58,"column":2},"end":{"line":58,"column":null}},"type":"default-arg","locations":[{"start":{"line":58,"column":13},"end":{"line":58,"column":null}}],"line":58},"2":{"loc":{"start":{"line":59,"column":2},"end":{"line":59,"column":null}},"type":"default-arg","locations":[{"start":{"line":59,"column":9},"end":{"line":59,"column":null}}],"line":59},"3":{"loc":{"start":{"line":65,"column":2},"end":{"line":90,"column":null}},"type":"if","locations":[{"start":{"line":65,"column":2},"end":{"line":90,"column":null}},{"start":{},"end":{}}],"line":65},"4":{"loc":{"start":{"line":74,"column":20},"end":{"line":74,"column":null}},"type":"cond-expr","locations":[{"start":{"line":74,"column":36},"end":{"line":74,"column":60}},{"start":{"line":74,"column":60},"end":{"line":74,"column":null}}],"line":74},"5":{"loc":{"start":{"line":81,"column":19},"end":{"line":81,"column":null}},"type":"cond-expr","locations":[{"start":{"line":81,"column":35},"end":{"line":81,"column":39}},{"start":{"line":81,"column":39},"end":{"line":81,"column":null}}],"line":81},"6":{"loc":{"start":{"line":82,"column":20},"end":{"line":82,"column":null}},"type":"cond-expr","locations":[{"start":{"line":82,"column":36},"end":{"line":82,"column":40}},{"start":{"line":82,"column":40},"end":{"line":82,"column":null}}],"line":82},"7":{"loc":{"start":{"line":100,"column":13},"end":{"line":100,"column":null}},"type":"cond-expr","locations":[{"start":{"line":100,"column":29},"end":{"line":100,"column":52}},{"start":{"line":100,"column":52},"end":{"line":100,"column":null}}],"line":100},"8":{"loc":{"start":{"line":101,"column":12},"end":{"line":101,"column":null}},"type":"cond-expr","locations":[{"start":{"line":101,"column":28},"end":{"line":101,"column":33}},{"start":{"line":101,"column":33},"end":{"line":101,"column":null}}],"line":101},"9":{"loc":{"start":{"line":104,"column":14},"end":{"line":104,"column":null}},"type":"cond-expr","locations":[{"start":{"line":104,"column":30},"end":{"line":104,"column":54}},{"start":{"line":104,"column":54},"end":{"line":104,"column":null}}],"line":104},"10":{"loc":{"start":{"line":108,"column":16},"end":{"line":108,"column":null}},"type":"cond-expr","locations":[{"start":{"line":108,"column":27},"end":{"line":108,"column":34}},{"start":{"line":108,"column":34},"end":{"line":108,"column":null}}],"line":108},"11":{"loc":{"start":{"line":110,"column":25},"end":{"line":110,"column":null}},"type":"cond-expr","locations":[{"start":{"line":110,"column":36},"end":{"line":110,"column":52}},{"start":{"line":110,"column":52},"end":{"line":110,"column":null}}],"line":110}},"s":{"0":11,"1":11,"2":11,"3":151,"4":151,"5":7,"6":144,"7":144,"8":151},"f":{"0":151},"b":{"0":[151],"1":[151],"2":[151],"3":[7,144],"4":[0,7],"5":[0,7],"6":[0,7],"7":[114,30],"8":[114,30],"9":[114,30],"10":[137,7],"11":[137,7]},"meta":{"lastBranch":12,"lastFunction":1,"lastStatement":9,"seen":{"s:1:51:1:Infinity":0,"s:7:97:44:Infinity":1,"s:55:13:117:Infinity":2,"f:55:13:55:22":0,"b:57:12:57:Infinity":0,"b:58:13:58:Infinity":1,"b:59:9:59:Infinity":2,"s:63:12:63:Infinity":3,"b:65:2:90:Infinity:undefined:undefined:undefined:undefined":3,"s:65:2:90:Infinity":4,"s:66:4:90:Infinity":5,"b:74:36:74:60:74:60:74:Infinity":4,"b:81:35:81:39:81:39:81:Infinity":5,"b:82:36:82:40:82:40:82:Infinity":6,"s:94:19:94:Infinity":6,"s:96:35:112:Infinity":7,"b:100:29:100:52:100:52:100:Infinity":7,"b:101:28:101:33:101:33:101:Infinity":8,"b:104:30:104:54:104:54:104:Infinity":9,"b:108:27:108:34:108:34:108:Infinity":10,"b:110:36:110:52:110:52:110:Infinity":11,"s:114:2:117:Infinity":8}}}
,"C:\\Users\\bobop\\Documents\\own\\storybook\\src\\components\\atoms\\Badge\\index.ts": {"path":"C:\\Users\\bobop\\Documents\\own\\storybook\\src\\components\\atoms\\Badge\\index.ts","statementMap":{},"fnMap":{},"branchMap":{},"s":{},"f":{},"b":{},"meta":{"lastBranch":0,"lastFunction":0,"lastStatement":0,"seen":{}}}
,"C:\\Users\\bobop\\Documents\\own\\storybook\\src\\components\\atoms\\BodyText\\BodyText.tsx": {"path":"C:\\Users\\bobop\\Documents\\own\\storybook\\src\\components\\atoms\\BodyText\\BodyText.tsx","statementMap":{"0":{"start":{"line":1,"column":69},"end":{"line":1,"column":null}},"1":{"start":{"line":15,"column":76},"end":{"line":20,"column":null}},"2":{"start":{"line":22,"column":44},"end":{"line":28,"column":null}},"3":{"start":{"line":30,"column":13},"end":{"line":54,"column":null}},"4":{"start":{"line":38,"column":14},"end":{"line":38,"column":null}},"5":{"start":{"line":40,"column":35},"end":{"line":49,"column":null}},"6":{"start":{"line":51,"column":2},"end":{"line":54,"column":null}}},"fnMap":{"0":{"name":"(anonymous_0)","decl":{"start":{"line":30,"column":13},"end":{"line":30,"column":25}},"loc":{"start":{"line":37,"column":21},"end":{"line":54,"column":null}},"line":37}},"branchMap":{"0":{"loc":{"start":{"line":31,"column":2},"end":{"line":31,"column":null}},"type":"default-arg","locations":[{"start":{"line":31,"column":9},"end":{"line":31,"column":null}}],"line":31},"1":{"loc":{"start":{"line":32,"column":2},"end":{"line":32,"column":null}},"type":"default-arg","locations":[{"start":{"line":32,"column":10},"end":{"line":32,"column":null}}],"line":32},"2":{"loc":{"start":{"line":33,"column":2},"end":{"line":33,"column":null}},"type":"default-arg","locations":[{"start":{"line":33,"column":7},"end":{"line":33,"column":null}}],"line":33},"3":{"loc":{"start":{"line":47,"column":8},"end":{"line":47,"column":82}},"type":"cond-expr","locations":[{"start":{"line":47,"column":27},"end":{"line":47,"column":80}},{"start":{"line":47,"column":80},"end":{"line":47,"column":82}}],"line":47}},"s":{"0":1,"1":1,"2":1,"3":1,"4":13,"5":13,"6":13},"f":{"0":13},"b":{"0":[13],"1":[13],"2":[13],"3":[1,12]},"meta":{"lastBranch":4,"lastFunction":1,"lastStatement":7,"seen":{"s:1:69:1:Infinity":0,"s:15:76:20:Infinity":1,"s:22:44:28:Infinity":2,"s:30:13:54:Infinity":3,"f:30:13:30:25":0,"b:31:9:31:Infinity":0,"b:32:10:32:Infinity":1,"b:33:7:33:Infinity":2,"s:38:14:38:Infinity":4,"s:40:35:49:Infinity":5,"b:47:27:47:80:47:80:47:82":3,"s:51:2:54:Infinity":6}}}
,"C:\\Users\\bobop\\Documents\\own\\storybook\\src\\components\\atoms\\Button\\Button.tsx": {"path":"C:\\Users\\bobop\\Documents\\own\\storybook\\src\\components\\atoms\\Button\\Button.tsx","statementMap":{"0":{"start":{"line":1,"column":78},"end":{"line":1,"column":null}},"1":{"start":{"line":22,"column":75},"end":{"line":44,"column":null}},"2":{"start":{"line":47,"column":58},"end":{"line":76,"column":null}},"3":{"start":{"line":79,"column":6},"end":{"line":96,"column":null}},"4":{"start":{"line":80,"column":2},"end":{"line":96,"column":null}},"5":{"start":{"line":99,"column":13},"end":{"line":171,"column":null}},"6":{"start":{"line":111,"column":38},"end":{"line":111,"column":null}},"7":{"start":{"line":112,"column":21},"end":{"line":112,"column":null}},"8":{"start":{"line":113,"column":17},"end":{"line":113,"column":null}},"9":{"start":{"line":115,"column":35},"end":{"line":143,"column":null}},"10":{"start":{"line":145,"column":2},"end":{"line":171,"column":null}}},"fnMap":{"0":{"name":"(anonymous_0)","decl":{"start":{"line":79,"column":6},"end":{"line":79,"column":17}},"loc":{"start":{"line":80,"column":2},"end":{"line":96,"column":null}},"line":80},"1":{"name":"(anonymous_1)","decl":{"start":{"line":99,"column":13},"end":{"line":99,"column":23}},"loc":{"start":{"line":110,"column":19},"end":{"line":171,"column":null}},"line":110}},"branchMap":{"0":{"loc":{"start":{"line":100,"column":2},"end":{"line":100,"column":null}},"type":"default-arg","locations":[{"start":{"line":100,"column":12},"end":{"line":100,"column":null}}],"line":100},"1":{"loc":{"start":{"line":101,"column":2},"end":{"line":101,"column":null}},"type":"default-arg","locations":[{"start":{"line":101,"column":9},"end":{"line":101,"column":null}}],"line":101},"2":{"loc":{"start":{"line":105,"column":2},"end":{"line":105,"column":null}},"type":"default-arg","locations":[{"start":{"line":105,"column":12},"end":{"line":105,"column":null}}],"line":105},"3":{"loc":{"start":{"line":112,"column":21},"end":{"line":112,"column":null}},"type":"binary-expr","locations":[{"start":{"line":112,"column":21},"end":{"line":112,"column":33}},{"start":{"line":112,"column":33},"end":{"line":112,"column":null}}],"line":112},"4":{"loc":{"start":{"line":123,"column":12},"end":{"line":123,"column":null}},"type":"cond-expr","locations":[{"start":{"line":123,"column":25},"end":{"line":123,"column":41}},{"start":{"line":123,"column":41},"end":{"line":123,"column":null}}],"line":123},"5":{"loc":{"start":{"line":124,"column":13},"end":{"line":124,"column":null}},"type":"cond-expr","locations":[{"start":{"line":124,"column":26},"end":{"line":124,"column":54}},{"start":{"line":124,"column":54},"end":{"line":124,"column":null}}],"line":124},"6":{"loc":{"start":{"line":131,"column":20},"end":{"line":131,"column":null}},"type":"cond-expr","locations":[{"start":{"line":131,"column":29},"end":{"line":131,"column":43}},{"start":{"line":131,"column":43},"end":{"line":131,"column":null}}],"line":131},"7":{"loc":{"start":{"line":132,"column":8},"end":{"line":132,"column":null}},"type":"cond-expr","locations":[{"start":{"line":132,"column":17},"end":{"line":132,"column":19}},{"start":{"line":132,"column":22},"end":{"line":132,"column":null}}],"line":132},"8":{"loc":{"start":{"line":135,"column":8},"end":{"line":141,"column":10}},"type":"cond-expr","locations":[{"start":{"line":136,"column":8},"end":{"line":140,"column":null}},{"start":{"line":141,"column":8},"end":{"line":141,"column":10}}],"line":135},"9":{"loc":{"start":{"line":155,"column":23},"end":{"line":155,"column":null}},"type":"binary-expr","locations":[{"start":{"line":155,"column":23},"end":{"line":155,"column":37}},{"start":{"line":155,"column":37},"end":{"line":155,"column":null}}],"line":155},"10":{"loc":{"start":{"line":156,"column":19},"end":{"line":156,"column":null}},"type":"binary-expr","locations":[{"start":{"line":156,"column":19},"end":{"line":156,"column":30}},{"start":{"line":156,"column":30},"end":{"line":156,"column":null}}],"line":156},"11":{"loc":{"start":{"line":159,"column":9},"end":{"line":159,"column":null}},"type":"binary-expr","locations":[{"start":{"line":159,"column":9},"end":{"line":159,"column":20}},{"start":{"line":159,"column":20},"end":{"line":159,"column":null}}],"line":159},"12":{"loc":{"start":{"line":160,"column":9},"end":{"line":160,"column":null}},"type":"binary-expr","locations":[{"start":{"line":160,"column":9},"end":{"line":160,"column":21}},{"start":{"line":160,"column":21},"end":{"line":160,"column":33}},{"start":{"line":160,"column":33},"end":{"line":160,"column":null}}],"line":160},"13":{"loc":{"start":{"line":161,"column":9},"end":{"line":168,"column":null}},"type":"binary-expr","locations":[{"start":{"line":161,"column":9},"end":{"line":161,"column":null}},{"start":{"line":162,"column":10},"end":{"line":168,"column":null}}],"line":161},"14":{"loc":{"start":{"line":163,"column":13},"end":{"line":163,"column":null}},"type":"binary-expr","locations":[{"start":{"line":163,"column":13},"end":{"line":163,"column":25}},{"start":{"line":163,"column":25},"end":{"line":163,"column":37}},{"start":{"line":163,"column":37},"end":{"line":163,"column":null}}],"line":163},"15":{"loc":{"start":{"line":164,"column":13},"end":{"line":165,"column":null}},"type":"binary-expr","locations":[{"start":{"line":164,"column":13},"end":{"line":164,"column":null}},{"start":{"line":165,"column":14},"end":{"line":165,"column":null}}],"line":164},"16":{"loc":{"start":{"line":167,"column":13},"end":{"line":167,"column":null}},"type":"binary-expr","locations":[{"start":{"line":167,"column":13},"end":{"line":167,"column":26}},{"start":{"line":167,"column":26},"end":{"line":167,"column":null}}],"line":167}},"s":{"0":16,"1":16,"2":16,"3":16,"4":11,"5":16,"6":327,"7":327,"8":327,"9":327,"10":327},"f":{"0":11,"1":327},"b":{"0":[327],"1":[327],"2":[327],"3":[327,313],"4":[24,303],"5":[24,303],"6":[2,325],"7":[2,325],"8":[5,322],"9":[327,303],"10":[327,316],"11":[327,11],"12":[327,316,5],"13":[327,322],"14":[322,311,15],"15":[322,322],"16":[322,3]},"meta":{"lastBranch":17,"lastFunction":2,"lastStatement":11,"seen":{"s:1:78:1:Infinity":0,"s:22:75:44:Infinity":1,"s:47:58:76:Infinity":2,"s:79:6:96:Infinity":3,"f:79:6:79:17":0,"s:80:2:96:Infinity":4,"s:99:13:171:Infinity":5,"f:99:13:99:23":1,"b:100:12:100:Infinity":0,"b:101:9:101:Infinity":1,"b:105:12:105:Infinity":2,"s:111:38:111:Infinity":6,"s:112:21:112:Infinity":7,"b:112:21:112:33:112:33:112:Infinity":3,"s:113:17:113:Infinity":8,"s:115:35:143:Infinity":9,"b:123:25:123:41:123:41:123:Infinity":4,"b:124:26:124:54:124:54:124:Infinity":5,"b:131:29:131:43:131:43:131:Infinity":6,"b:132:17:132:19:132:22:132:Infinity":7,"b:136:8:140:Infinity:141:8:141:10":8,"s:145:2:171:Infinity":10,"b:155:23:155:37:155:37:155:Infinity":9,"b:156:19:156:30:156:30:156:Infinity":10,"b:159:9:159:20:159:20:159:Infinity":11,"b:160:9:160:21:160:21:160:33:160:33:160:Infinity":12,"b:161:9:161:Infinity:162:10:168:Infinity":13,"b:163:13:163:25:163:25:163:37:163:37:163:Infinity":14,"b:164:13:164:Infinity:165:14:165:Infinity":15,"b:167:13:167:26:167:26:167:Infinity":16}}}
,"C:\\Users\\bobop\\Documents\\own\\storybook\\src\\components\\atoms\\Button\\index.ts": {"path":"C:\\Users\\bobop\\Documents\\own\\storybook\\src\\components\\atoms\\Button\\index.ts","statementMap":{},"fnMap":{},"branchMap":{},"s":{},"f":{},"b":{},"meta":{"lastBranch":0,"lastFunction":0,"lastStatement":0,"seen":{}}}
,"C:\\Users\\bobop\\Documents\\own\\storybook\\src\\components\\atoms\\Checkbox\\Checkbox.tsx": {"path":"C:\\Users\\bobop\\Documents\\own\\storybook\\src\\components\\atoms\\Checkbox\\Checkbox.tsx","statementMap":{"0":{"start":{"line":1,"column":71},"end":{"line":1,"column":null}},"1":{"start":{"line":1,"column":84},"end":{"line":1,"column":null}},"2":{"start":{"line":13,"column":13},"end":{"line":117,"column":null}},"3":{"start":{"line":24,"column":13},"end":{"line":24,"column":20}},"4":{"start":{"line":27,"column":8},"end":{"line":28,"column":null}},"5":{"start":{"line":28,"column":4},"end":{"line":28,"column":null}},"6":{"start":{"line":28,"column":12},"end":{"line":28,"column":null}},"7":{"start":{"line":31,"column":18},"end":{"line":31,"column":null}},"8":{"start":{"line":33,"column":38},"end":{"line":41,"column":null}},"9":{"start":{"line":44,"column":34},"end":{"line":57,"column":null}},"10":{"start":{"line":59,"column":2},"end":{"line":117,"column":null}}},"fnMap":{"0":{"name":"(anonymous_0)","decl":{"start":{"line":13,"column":13},"end":{"line":13,"column":25}},"loc":{"start":{"line":23,"column":21},"end":{"line":117,"column":null}},"line":23},"1":{"name":"(anonymous_1)","decl":{"start":{"line":27,"column":8},"end":{"line":27,"column":21}},"loc":{"start":{"line":27,"column":53},"end":{"line":28,"column":null}},"line":27}},"branchMap":{"0":{"loc":{"start":{"line":15,"column":2},"end":{"line":15,"column":null}},"type":"default-arg","locations":[{"start":{"line":15,"column":18},"end":{"line":15,"column":null}}],"line":15},"1":{"loc":{"start":{"line":28,"column":4},"end":{"line":28,"column":null}},"type":"if","locations":[{"start":{"line":28,"column":4},"end":{"line":28,"column":null}},{"start":{},"end":{}}],"line":28},"2":{"loc":{"start":{"line":37,"column":12},"end":{"line":37,"column":null}},"type":"cond-expr","locations":[{"start":{"line":37,"column":23},"end":{"line":37,"column":39}},{"start":{"line":37,"column":39},"end":{"line":37,"column":null}}],"line":37},"3":{"loc":{"start":{"line":38,"column":13},"end":{"line":38,"column":null}},"type":"cond-expr","locations":[{"start":{"line":38,"column":24},"end":{"line":38,"column":52}},{"start":{"line":38,"column":52},"end":{"line":38,"column":null}}],"line":38},"4":{"loc":{"start":{"line":52,"column":25},"end":{"line":52,"column":null}},"type":"cond-expr","locations":[{"start":{"line":52,"column":52},"end":{"line":52,"column":85}},{"start":{"line":52,"column":85},"end":{"line":52,"column":null}}],"line":52},"5":{"loc":{"start":{"line":52,"column":25},"end":{"line":52,"column":52}},"type":"binary-expr","locations":[{"start":{"line":52,"column":25},"end":{"line":52,"column":36}},{"start":{"line":52,"column":36},"end":{"line":52,"column":52}}],"line":52},"6":{"loc":{"start":{"line":53,"column":16},"end":{"line":53,"column":null}},"type":"cond-expr","locations":[{"start":{"line":53,"column":43},"end":{"line":53,"column":76}},{"start":{"line":53,"column":76},"end":{"line":53,"column":null}}],"line":53},"7":{"loc":{"start":{"line":53,"column":16},"end":{"line":53,"column":43}},"type":"binary-expr","locations":[{"start":{"line":53,"column":16},"end":{"line":53,"column":27}},{"start":{"line":53,"column":27},"end":{"line":53,"column":43}}],"line":53},"8":{"loc":{"start":{"line":85,"column":9},"end":{"line":90,"column":null}},"type":"binary-expr","locations":[{"start":{"line":85,"column":9},"end":{"line":85,"column":26}},{"start":{"line":85,"column":26},"end":{"line":85,"column":null}},{"start":{"line":86,"column":10},"end":{"line":90,"column":null}}],"line":85},"9":{"loc":{"start":{"line":90,"column":9},"end":{"line":104,"column":null}},"type":"binary-expr","locations":[{"start":{"line":90,"column":9},"end":{"line":90,"column":null}},{"start":{"line":91,"column":10},"end":{"line":104,"column":null}}],"line":90},"10":{"loc":{"start":{"line":106,"column":7},"end":{"line":115,"column":null}},"type":"binary-expr","locations":[{"start":{"line":106,"column":7},"end":{"line":106,"column":null}},{"start":{"line":107,"column":8},"end":{"line":115,"column":null}}],"line":106},"11":{"loc":{"start":{"line":110,"column":19},"end":{"line":110,"column":null}},"type":"cond-expr","locations":[{"start":{"line":110,"column":30},"end":{"line":110,"column":61}},{"start":{"line":110,"column":61},"end":{"line":110,"column":null}}],"line":110}},"s":{"0":2,"1":2,"2":2,"3":34,"4":34,"5":58,"6":34,"7":34,"8":34,"9":34,"10":34},"f":{"0":34,"1":58},"b":{"0":[34],"1":[34,24],"2":[2,32],"3":[2,32],"4":[14,20],"5":[34,22],"6":[14,20],"7":[34,22],"8":[34,2,2],"9":[34,12],"10":[34,10],"11":[2,8]},"meta":{"lastBranch":12,"lastFunction":2,"lastStatement":11,"seen":{"s:1:71:1:Infinity":0,"s:1:84:1:Infinity":1,"s:13:13:117:Infinity":2,"f:13:13:13:25":0,"b:15:18:15:Infinity":0,"s:24:13:24:20":3,"s:27:8:28:Infinity":4,"f:27:8:27:21":1,"b:28:4:28:Infinity:undefined:undefined:undefined:undefined":1,"s:28:4:28:Infinity":5,"s:28:12:28:Infinity":6,"s:31:18:31:Infinity":7,"s:33:38:41:Infinity":8,"b:37:23:37:39:37:39:37:Infinity":2,"b:38:24:38:52:38:52:38:Infinity":3,"s:44:34:57:Infinity":9,"b:52:52:52:85:52:85:52:Infinity":4,"b:52:25:52:36:52:36:52:52":5,"b:53:43:53:76:53:76:53:Infinity":6,"b:53:16:53:27:53:27:53:43":7,"s:59:2:117:Infinity":10,"b:85:9:85:26:85:26:85:Infinity:86:10:90:Infinity":8,"b:90:9:90:Infinity:91:10:104:Infinity":9,"b:106:7:106:Infinity:107:8:115:Infinity":10,"b:110:30:110:61:110:61:110:Infinity":11}}}
,"C:\\Users\\bobop\\Documents\\own\\storybook\\src\\components\\atoms\\Checkbox\\index.ts": {"path":"C:\\Users\\bobop\\Documents\\own\\storybook\\src\\components\\atoms\\Checkbox\\index.ts","statementMap":{},"fnMap":{},"branchMap":{},"s":{},"f":{},"b":{},"meta":{"lastBranch":0,"lastFunction":0,"lastStatement":0,"seen":{}}}
,"C:\\Users\\bobop\\Documents\\own\\storybook\\src\\components\\atoms\\Chip\\Chip.tsx": {"path":"C:\\Users\\bobop\\Documents\\own\\storybook\\src\\components\\atoms\\Chip\\Chip.tsx","statementMap":{"0":{"start":{"line":6,"column":7},"end":{"line":6,"column":null}},"1":{"start":{"line":26,"column":13},"end":{"line":142,"column":null}},"2":{"start":{"line":38,"column":24},"end":{"line":38,"column":null}},"3":{"start":{"line":42,"column":4},"end":{"line":60,"column":null}},"4":{"start":{"line":62,"column":35},"end":{"line":82,"column":null}},"5":{"start":{"line":85,"column":37},"end":{"line":100,"column":null}},"6":{"start":{"line":102,"column":8},"end":{"line":103,"column":null}},"7":{"start":{"line":103,"column":4},"end":{"line":103,"column":null}},"8":{"start":{"line":103,"column":23},"end":{"line":103,"column":null}},"9":{"start":{"line":106,"column":8},"end":{"line":109,"column":null}},"10":{"start":{"line":107,"column":4},"end":{"line":109,"column":null}},"11":{"start":{"line":108,"column":6},"end":{"line":108,"column":null}},"12":{"start":{"line":109,"column":6},"end":{"line":109,"column":null}},"13":{"start":{"line":113,"column":8},"end":{"line":115,"column":null}},"14":{"start":{"line":114,"column":4},"end":{"line":114,"column":null}},"15":{"start":{"line":115,"column":4},"end":{"line":115,"column":null}},"16":{"start":{"line":115,"column":19},"end":{"line":115,"column":null}},"17":{"start":{"line":118,"column":2},"end":{"line":142,"column":null}}},"fnMap":{"0":{"name":"(anonymous_0)","decl":{"start":{"line":26,"column":13},"end":{"line":26,"column":21}},"loc":{"start":{"line":37,"column":17},"end":{"line":142,"column":null}},"line":37},"1":{"name":"(anonymous_1)","decl":{"start":{"line":102,"column":8},"end":{"line":102,"column":32}},"loc":{"start":{"line":102,"column":32},"end":{"line":103,"column":null}},"line":102},"2":{"name":"(anonymous_2)","decl":{"start":{"line":106,"column":8},"end":{"line":106,"column":29}},"loc":{"start":{"line":106,"column":66},"end":{"line":109,"column":null}},"line":106},"3":{"name":"(anonymous_3)","decl":{"start":{"line":113,"column":8},"end":{"line":113,"column":29}},"loc":{"start":{"line":113,"column":66},"end":{"line":115,"column":null}},"line":113}},"branchMap":{"0":{"loc":{"start":{"line":28,"column":2},"end":{"line":28,"column":null}},"type":"default-arg","locations":[{"start":{"line":28,"column":12},"end":{"line":28,"column":null}}],"line":28},"1":{"loc":{"start":{"line":29,"column":2},"end":{"line":29,"column":null}},"type":"default-arg","locations":[{"start":{"line":29,"column":14},"end":{"line":29,"column":null}}],"line":29},"2":{"loc":{"start":{"line":31,"column":2},"end":{"line":31,"column":null}},"type":"default-arg","locations":[{"start":{"line":31,"column":14},"end":{"line":31,"column":null}}],"line":31},"3":{"loc":{"start":{"line":32,"column":2},"end":{"line":32,"column":null}},"type":"default-arg","locations":[{"start":{"line":32,"column":13},"end":{"line":32,"column":null}}],"line":32},"4":{"loc":{"start":{"line":34,"column":2},"end":{"line":34,"column":null}},"type":"default-arg","locations":[{"start":{"line":34,"column":13},"end":{"line":34,"column":null}}],"line":34},"5":{"loc":{"start":{"line":38,"column":24},"end":{"line":38,"column":null}},"type":"binary-expr","locations":[{"start":{"line":38,"column":24},"end":{"line":38,"column":37}},{"start":{"line":38,"column":37},"end":{"line":38,"column":null}}],"line":38},"6":{"loc":{"start":{"line":42,"column":4},"end":{"line":60,"column":null}},"type":"cond-expr","locations":[{"start":{"line":43,"column":8},"end":{"line":49,"column":null}},{"start":{"line":50,"column":8},"end":{"line":60,"column":null}}],"line":42},"7":{"loc":{"start":{"line":44,"column":22},"end":{"line":46,"column":null}},"type":"cond-expr","locations":[{"start":{"line":45,"column":14},"end":{"line":45,"column":null}},{"start":{"line":46,"column":14},"end":{"line":46,"column":null}}],"line":44},"8":{"loc":{"start":{"line":47,"column":17},"end":{"line":47,"column":null}},"type":"cond-expr","locations":[{"start":{"line":47,"column":28},"end":{"line":47,"column":40}},{"start":{"line":47,"column":40},"end":{"line":47,"column":null}}],"line":47},"9":{"loc":{"start":{"line":51,"column":22},"end":{"line":53,"column":null}},"type":"cond-expr","locations":[{"start":{"line":52,"column":14},"end":{"line":52,"column":null}},{"start":{"line":53,"column":14},"end":{"line":53,"column":null}}],"line":51},"10":{"loc":{"start":{"line":54,"column":17},"end":{"line":56,"column":null}},"type":"cond-expr","locations":[{"start":{"line":55,"column":14},"end":{"line":55,"column":null}},{"start":{"line":56,"column":14},"end":{"line":56,"column":null}}],"line":54},"11":{"loc":{"start":{"line":57,"column":18},"end":{"line":59,"column":null}},"type":"cond-expr","locations":[{"start":{"line":58,"column":14},"end":{"line":58,"column":null}},{"start":{"line":59,"column":14},"end":{"line":59,"column":null}}],"line":57},"12":{"loc":{"start":{"line":74,"column":12},"end":{"line":74,"column":null}},"type":"cond-expr","locations":[{"start":{"line":74,"column":28},"end":{"line":74,"column":40}},{"start":{"line":74,"column":40},"end":{"line":74,"column":null}}],"line":74},"13":{"loc":{"start":{"line":74,"column":40},"end":{"line":74,"column":null}},"type":"cond-expr","locations":[{"start":{"line":74,"column":51},"end":{"line":74,"column":67}},{"start":{"line":74,"column":67},"end":{"line":74,"column":null}}],"line":74},"14":{"loc":{"start":{"line":75,"column":13},"end":{"line":75,"column":null}},"type":"cond-expr","locations":[{"start":{"line":75,"column":24},"end":{"line":75,"column":52}},{"start":{"line":75,"column":52},"end":{"line":75,"column":null}}],"line":75},"15":{"loc":{"start":{"line":103,"column":4},"end":{"line":103,"column":null}},"type":"if","locations":[{"start":{"line":103,"column":4},"end":{"line":103,"column":null}},{"start":{},"end":{}}],"line":103},"16":{"loc":{"start":{"line":107,"column":4},"end":{"line":109,"column":null}},"type":"if","locations":[{"start":{"line":107,"column":4},"end":{"line":109,"column":null}},{"start":{},"end":{}}],"line":107},"17":{"loc":{"start":{"line":107,"column":8},"end":{"line":107,"column":63}},"type":"binary-expr","locations":[{"start":{"line":107,"column":8},"end":{"line":107,"column":26}},{"start":{"line":107,"column":26},"end":{"line":107,"column":47}},{"start":{"line":107,"column":47},"end":{"line":107,"column":63}}],"line":107},"18":{"loc":{"start":{"line":115,"column":4},"end":{"line":115,"column":null}},"type":"if","locations":[{"start":{"line":115,"column":4},"end":{"line":115,"column":null}},{"start":{},"end":{}}],"line":115},"19":{"loc":{"start":{"line":120,"column":12},"end":{"line":120,"column":null}},"type":"cond-expr","locations":[{"start":{"line":120,"column":24},"end":{"line":120,"column":37}},{"start":{"line":120,"column":37},"end":{"line":120,"column":null}}],"line":120},"20":{"loc":{"start":{"line":121,"column":20},"end":{"line":121,"column":null}},"type":"cond-expr","locations":[{"start":{"line":121,"column":32},"end":{"line":121,"column":43}},{"start":{"line":121,"column":43},"end":{"line":121,"column":null}}],"line":121},"21":{"loc":{"start":{"line":122,"column":21},"end":{"line":122,"column":null}},"type":"binary-expr","locations":[{"start":{"line":122,"column":21},"end":{"line":122,"column":33}},{"start":{"line":122,"column":33},"end":{"line":122,"column":null}}],"line":122},"22":{"loc":{"start":{"line":123,"column":16},"end":{"line":123,"column":null}},"type":"cond-expr","locations":[{"start":{"line":123,"column":41},"end":{"line":123,"column":45}},{"start":{"line":123,"column":45},"end":{"line":123,"column":null}}],"line":123},"23":{"loc":{"start":{"line":123,"column":16},"end":{"line":123,"column":41}},"type":"binary-expr","locations":[{"start":{"line":123,"column":16},"end":{"line":123,"column":29}},{"start":{"line":123,"column":29},"end":{"line":123,"column":41}}],"line":123},"24":{"loc":{"start":{"line":131,"column":7},"end":{"line":142,"column":null}},"type":"binary-expr","locations":[{"start":{"line":131,"column":7},"end":{"line":131,"column":null}},{"start":{"line":132,"column":8},"end":{"line":142,"column":null}}],"line":131}},"s":{"0":1,"1":1,"2":28,"3":28,"4":28,"5":28,"6":28,"7":2,"8":1,"9":28,"10":2,"11":2,"12":2,"13":28,"14":1,"15":1,"16":1,"17":28},"f":{"0":28,"1":2,"2":2,"3":1},"b":{"0":[28],"1":[28],"2":[28],"3":[28],"4":[28],"5":[28,12],"6":[15,13],"7":[1,14],"8":[1,14],"9":[2,11],"10":[2,11],"11":[2,11],"12":[11,17],"13":[3,14],"14":[3,25],"15":[1,1],"16":[2,0],"17":[2,2,1],"18":[1,0],"19":[12,16],"20":[12,16],"21":[28,25],"22":[11,17],"23":[28,12],"24":[28,9]},"meta":{"lastBranch":25,"lastFunction":4,"lastStatement":18,"seen":{"s:6:7:6:Infinity":0,"s:26:13:142:Infinity":1,"f:26:13:26:21":0,"b:28:12:28:Infinity":0,"b:29:14:29:Infinity":1,"b:31:14:31:Infinity":2,"b:32:13:32:Infinity":3,"b:34:13:34:Infinity":4,"s:38:24:38:Infinity":2,"b:38:24:38:37:38:37:38:Infinity":5,"s:42:4:60:Infinity":3,"b:43:8:49:Infinity:50:8:60:Infinity":6,"b:45:14:45:Infinity:46:14:46:Infinity":7,"b:47:28:47:40:47:40:47:Infinity":8,"b:52:14:52:Infinity:53:14:53:Infinity":9,"b:55:14:55:Infinity:56:14:56:Infinity":10,"b:58:14:58:Infinity:59:14:59:Infinity":11,"s:62:35:82:Infinity":4,"b:74:28:74:40:74:40:74:Infinity":12,"b:74:51:74:67:74:67:74:Infinity":13,"b:75:24:75:52:75:52:75:Infinity":14,"s:85:37:100:Infinity":5,"s:102:8:103:Infinity":6,"f:102:8:102:32":1,"b:103:4:103:Infinity:undefined:undefined:undefined:undefined":15,"s:103:4:103:Infinity":7,"s:103:23:103:Infinity":8,"s:106:8:109:Infinity":9,"f:106:8:106:29":2,"b:107:4:109:Infinity:undefined:undefined:undefined:undefined":16,"s:107:4:109:Infinity":10,"b:107:8:107:26:107:26:107:47:107:47:107:63":17,"s:108:6:108:Infinity":11,"s:109:6:109:Infinity":12,"s:113:8:115:Infinity":13,"f:113:8:113:29":3,"s:114:4:114:Infinity":14,"b:115:4:115:Infinity:undefined:undefined:undefined:undefined":18,"s:115:4:115:Infinity":15,"s:115:19:115:Infinity":16,"s:118:2:142:Infinity":17,"b:120:24:120:37:120:37:120:Infinity":19,"b:121:32:121:43:121:43:121:Infinity":20,"b:122:21:122:33:122:33:122:Infinity":21,"b:123:41:123:45:123:45:123:Infinity":22,"b:123:16:123:29:123:29:123:41":23,"b:131:7:131:Infinity:132:8:142:Infinity":24}}}
,"C:\\Users\\bobop\\Documents\\own\\storybook\\src\\components\\atoms\\Code\\Code.tsx": {"path":"C:\\Users\\bobop\\Documents\\own\\storybook\\src\\components\\atoms\\Code\\Code.tsx","statementMap":{"0":{"start":{"line":1,"column":45},"end":{"line":1,"column":null}},"1":{"start":{"line":1,"column":61},"end":{"line":1,"column":null}},"2":{"start":{"line":14,"column":35},"end":{"line":23,"column":null}},"3":{"start":{"line":25,"column":13},"end":{"line":144,"column":null}},"4":{"start":{"line":33,"column":30},"end":{"line":33,"column":45}},"5":{"start":{"line":35,"column":2},"end":{"line":39,"column":null}},"6":{"start":{"line":36,"column":4},"end":{"line":39,"column":null}},"7":{"start":{"line":43,"column":15},"end":{"line":43,"column":null}},"8":{"start":{"line":44,"column":16},"end":{"line":44,"column":32}},"9":{"start":{"line":46,"column":21},"end":{"line":51,"column":null}},"10":{"start":{"line":47,"column":4},"end":{"line":51,"column":null}},"11":{"start":{"line":48,"column":6},"end":{"line":48,"column":null}},"12":{"start":{"line":49,"column":6},"end":{"line":49,"column":null}},"13":{"start":{"line":50,"column":6},"end":{"line":50,"column":null}},"14":{"start":{"line":50,"column":23},"end":{"line":50,"column":39}},"15":{"start":{"line":56,"column":2},"end":{"line":144,"column":null}},"16":{"start":{"line":123,"column":12},"end":{"line":140,"column":null}}},"fnMap":{"0":{"name":"(anonymous_0)","decl":{"start":{"line":25,"column":13},"end":{"line":25,"column":21}},"loc":{"start":{"line":32,"column":17},"end":{"line":144,"column":null}},"line":32},"1":{"name":"(anonymous_1)","decl":{"start":{"line":46,"column":21},"end":{"line":46,"column":33}},"loc":{"start":{"line":46,"column":33},"end":{"line":51,"column":null}},"line":46},"2":{"name":"(anonymous_2)","decl":{"start":{"line":50,"column":6},"end":{"line":50,"column":23}},"loc":{"start":{"line":50,"column":23},"end":{"line":50,"column":39}},"line":50},"3":{"name":"(anonymous_3)","decl":{"start":{"line":122,"column":17},"end":{"line":122,"column":22}},"loc":{"start":{"line":123,"column":12},"end":{"line":140,"column":null}},"line":123}},"branchMap":{"0":{"loc":{"start":{"line":26,"column":2},"end":{"line":26,"column":null}},"type":"default-arg","locations":[{"start":{"line":26,"column":12},"end":{"line":26,"column":null}}],"line":26},"1":{"loc":{"start":{"line":29,"column":2},"end":{"line":29,"column":null}},"type":"default-arg","locations":[{"start":{"line":29,"column":20},"end":{"line":29,"column":null}}],"line":29},"2":{"loc":{"start":{"line":35,"column":2},"end":{"line":39,"column":null}},"type":"if","locations":[{"start":{"line":35,"column":2},"end":{"line":39,"column":null}},{"start":{},"end":{}}],"line":35},"3":{"loc":{"start":{"line":43,"column":15},"end":{"line":43,"column":null}},"type":"cond-expr","locations":[{"start":{"line":43,"column":46},"end":{"line":43,"column":57}},{"start":{"line":43,"column":57},"end":{"line":43,"column":null}}],"line":43},"4":{"loc":{"start":{"line":78,"column":9},"end":{"line":91,"column":9}},"type":"binary-expr","locations":[{"start":{"line":78,"column":9},"end":{"line":78,"column":null}},{"start":{"line":79,"column":10},"end":{"line":91,"column":9}}],"line":78},"5":{"loc":{"start":{"line":97,"column":19},"end":{"line":97,"column":null}},"type":"cond-expr","locations":[{"start":{"line":97,"column":28},"end":{"line":97,"column":70}},{"start":{"line":97,"column":70},"end":{"line":97,"column":null}}],"line":97},"6":{"loc":{"start":{"line":106,"column":11},"end":{"line":106,"column":null}},"type":"cond-expr","locations":[{"start":{"line":106,"column":20},"end":{"line":106,"column":32}},{"start":{"line":106,"column":32},"end":{"line":106,"column":null}}],"line":106},"7":{"loc":{"start":{"line":124,"column":15},"end":{"line":139,"column":15}},"type":"binary-expr","locations":[{"start":{"line":124,"column":15},"end":{"line":124,"column":null}},{"start":{"line":125,"column":16},"end":{"line":139,"column":15}}],"line":124}},"s":{"0":1,"1":1,"2":1,"3":1,"4":6,"5":6,"6":1,"7":5,"8":6,"9":6,"10":1,"11":1,"12":0,"13":0,"14":0,"15":6,"16":19},"f":{"0":6,"1":1,"2":0,"3":19},"b":{"0":[6],"1":[6],"2":[1,5],"3":[5,0],"4":[6,4],"5":[0,5],"6":[0,5],"7":[19,16]},"meta":{"lastBranch":8,"lastFunction":4,"lastStatement":17,"seen":{"s:1:45:1:Infinity":0,"s:1:61:1:Infinity":1,"s:14:35:23:Infinity":2,"s:25:13:144:Infinity":3,"f:25:13:25:21":0,"b:26:12:26:Infinity":0,"b:29:20:29:Infinity":1,"s:33:30:33:45":4,"b:35:2:39:Infinity:undefined:undefined:undefined:undefined":2,"s:35:2:39:Infinity":5,"s:36:4:39:Infinity":6,"s:43:15:43:Infinity":7,"b:43:46:43:57:43:57:43:Infinity":3,"s:44:16:44:32":8,"s:46:21:51:Infinity":9,"f:46:21:46:33":1,"s:47:4:51:Infinity":10,"s:48:6:48:Infinity":11,"s:49:6:49:Infinity":12,"s:50:6:50:Infinity":13,"f:50:6:50:23":2,"s:50:23:50:39":14,"s:56:2:144:Infinity":15,"b:78:9:78:Infinity:79:10:91:9":4,"b:97:28:97:70:97:70:97:Infinity":5,"b:106:20:106:32:106:32:106:Infinity":6,"f:122:17:122:22":3,"s:123:12:140:Infinity":16,"b:124:15:124:Infinity:125:16:139:15":7}}}
,"C:\\Users\\bobop\\Documents\\own\\storybook\\src\\components\\atoms\\Divider\\Divider.tsx": {"path":"C:\\Users\\bobop\\Documents\\own\\storybook\\src\\components\\atoms\\Divider\\Divider.tsx","statementMap":{"0":{"start":{"line":1,"column":35},"end":{"line":1,"column":null}},"1":{"start":{"line":15,"column":13},"end":{"line":94,"column":null}},"2":{"start":{"line":24,"column":35},"end":{"line":36,"column":null}},"3":{"start":{"line":38,"column":2},"end":{"line":52,"column":null}},"4":{"start":{"line":39,"column":4},"end":{"line":52,"column":null}},"5":{"start":{"line":56,"column":2},"end":{"line":83,"column":null}},"6":{"start":{"line":57,"column":4},"end":{"line":83,"column":null}},"7":{"start":{"line":87,"column":2},"end":{"line":94,"column":null}}},"fnMap":{"0":{"name":"(anonymous_0)","decl":{"start":{"line":15,"column":13},"end":{"line":15,"column":24}},"loc":{"start":{"line":23,"column":20},"end":{"line":94,"column":null}},"line":23}},"branchMap":{"0":{"loc":{"start":{"line":16,"column":2},"end":{"line":16,"column":null}},"type":"default-arg","locations":[{"start":{"line":16,"column":16},"end":{"line":16,"column":null}}],"line":16},"1":{"loc":{"start":{"line":18,"column":2},"end":{"line":18,"column":null}},"type":"default-arg","locations":[{"start":{"line":18,"column":11},"end":{"line":18,"column":null}}],"line":18},"2":{"loc":{"start":{"line":19,"column":2},"end":{"line":19,"column":null}},"type":"default-arg","locations":[{"start":{"line":19,"column":10},"end":{"line":19,"column":null}}],"line":19},"3":{"loc":{"start":{"line":20,"column":2},"end":{"line":20,"column":null}},"type":"default-arg","locations":[{"start":{"line":20,"column":14},"end":{"line":20,"column":null}}],"line":20},"4":{"loc":{"start":{"line":26,"column":12},"end":{"line":26,"column":null}},"type":"cond-expr","locations":[{"start":{"line":26,"column":43},"end":{"line":26,"column":55}},{"start":{"line":26,"column":55},"end":{"line":26,"column":null}}],"line":26},"5":{"loc":{"start":{"line":27,"column":11},"end":{"line":27,"column":null}},"type":"cond-expr","locations":[{"start":{"line":27,"column":40},"end":{"line":27,"column":52}},{"start":{"line":27,"column":52},"end":{"line":27,"column":null}}],"line":27},"6":{"loc":{"start":{"line":29,"column":8},"end":{"line":35,"column":10}},"type":"cond-expr","locations":[{"start":{"line":30,"column":8},"end":{"line":34,"column":null}},{"start":{"line":35,"column":8},"end":{"line":35,"column":10}}],"line":29},"7":{"loc":{"start":{"line":32,"column":21},"end":{"line":32,"column":null}},"type":"cond-expr","locations":[{"start":{"line":32,"column":52},"end":{"line":32,"column":87}},{"start":{"line":32,"column":87},"end":{"line":32,"column":null}}],"line":32},"8":{"loc":{"start":{"line":33,"column":22},"end":{"line":33,"column":null}},"type":"cond-expr","locations":[{"start":{"line":33,"column":51},"end":{"line":33,"column":86}},{"start":{"line":33,"column":86},"end":{"line":33,"column":null}}],"line":33},"9":{"loc":{"start":{"line":38,"column":2},"end":{"line":52,"column":null}},"type":"if","locations":[{"start":{"line":38,"column":2},"end":{"line":52,"column":null}},{"start":{},"end":{}}],"line":38},"10":{"loc":{"start":{"line":56,"column":2},"end":{"line":83,"column":null}},"type":"if","locations":[{"start":{"line":56,"column":2},"end":{"line":83,"column":null}},{"start":{},"end":{}}],"line":56}},"s":{"0":5,"1":5,"2":154,"3":154,"4":1,"5":153,"6":3,"7":150},"f":{"0":154},"b":{"0":[154],"1":[154],"2":[154],"3":[154],"4":[153,1],"5":[1,153],"6":[2,152],"7":[2,0],"8":[0,2],"9":[1,153],"10":[3,150]},"meta":{"lastBranch":11,"lastFunction":1,"lastStatement":8,"seen":{"s:1:35:1:Infinity":0,"s:15:13:94:Infinity":1,"f:15:13:15:24":0,"b:16:16:16:Infinity":0,"b:18:11:18:Infinity":1,"b:19:10:19:Infinity":2,"b:20:14:20:Infinity":3,"s:24:35:36:Infinity":2,"b:26:43:26:55:26:55:26:Infinity":4,"b:27:40:27:52:27:52:27:Infinity":5,"b:30:8:34:Infinity:35:8:35:10":6,"b:32:52:32:87:32:87:32:Infinity":7,"b:33:51:33:86:33:86:33:Infinity":8,"b:38:2:52:Infinity:undefined:undefined:undefined:undefined":9,"s:38:2:52:Infinity":3,"s:39:4:52:Infinity":4,"b:56:2:83:Infinity:undefined:undefined:undefined:undefined":10,"s:56:2:83:Infinity":5,"s:57:4:83:Infinity":6,"s:87:2:94:Infinity":7}}}
,"C:\\Users\\bobop\\Documents\\own\\storybook\\src\\components\\atoms\\Divider\\index.ts": {"path":"C:\\Users\\bobop\\Documents\\own\\storybook\\src\\components\\atoms\\Divider\\index.ts","statementMap":{},"fnMap":{},"branchMap":{},"s":{},"f":{},"b":{},"meta":{"lastBranch":0,"lastFunction":0,"lastStatement":0,"seen":{}}}
,"C:\\Users\\bobop\\Documents\\own\\storybook\\src\\components\\atoms\\Heading\\Heading.tsx": {"path":"C:\\Users\\bobop\\Documents\\own\\storybook\\src\\components\\atoms\\Heading\\Heading.tsx","statementMap":{"0":{"start":{"line":1,"column":69},"end":{"line":1,"column":null}},"1":{"start":{"line":14,"column":51},"end":{"line":21,"column":null}},"2":{"start":{"line":23,"column":61},"end":{"line":40,"column":null}},"3":{"start":{"line":42,"column":13},"end":{"line":63,"column":null}},"4":{"start":{"line":49,"column":14},"end":{"line":49,"column":null}},"5":{"start":{"line":51,"column":35},"end":{"line":58,"column":null}},"6":{"start":{"line":60,"column":2},"end":{"line":63,"column":null}}},"fnMap":{"0":{"name":"(anonymous_0)","decl":{"start":{"line":42,"column":13},"end":{"line":42,"column":24}},"loc":{"start":{"line":48,"column":20},"end":{"line":63,"column":null}},"line":48}},"branchMap":{"0":{"loc":{"start":{"line":43,"column":2},"end":{"line":43,"column":null}},"type":"default-arg","locations":[{"start":{"line":43,"column":10},"end":{"line":43,"column":null}}],"line":43},"1":{"loc":{"start":{"line":44,"column":2},"end":{"line":44,"column":null}},"type":"default-arg","locations":[{"start":{"line":44,"column":12},"end":{"line":44,"column":null}}],"line":44}},"s":{"0":1,"1":1,"2":1,"3":1,"4":12,"5":12,"6":12},"f":{"0":12},"b":{"0":[12],"1":[12]},"meta":{"lastBranch":2,"lastFunction":1,"lastStatement":7,"seen":{"s:1:69:1:Infinity":0,"s:14:51:21:Infinity":1,"s:23:61:40:Infinity":2,"s:42:13:63:Infinity":3,"f:42:13:42:24":0,"b:43:10:43:Infinity":0,"b:44:12:44:Infinity":1,"s:49:14:49:Infinity":4,"s:51:35:58:Infinity":5,"s:60:2:63:Infinity":6}}}
,"C:\\Users\\bobop\\Documents\\own\\storybook\\src\\components\\atoms\\Icon\\Icon.tsx": {"path":"C:\\Users\\bobop\\Documents\\own\\storybook\\src\\components\\atoms\\Icon\\Icon.tsx","statementMap":{"0":{"start":{"line":1,"column":35},"end":{"line":1,"column":null}},"1":{"start":{"line":11,"column":57},"end":{"line":144,"column":null}},"2":{"start":{"line":147,"column":26},"end":{"line":147,"column":44}},"3":{"start":{"line":160,"column":13},"end":{"line":200,"column":null}},"4":{"start":{"line":169,"column":12},"end":{"line":169,"column":null}},"5":{"start":{"line":170,"column":22},"end":{"line":170,"column":null}},"6":{"start":{"line":171,"column":15},"end":{"line":171,"column":null}},"7":{"start":{"line":173,"column":34},"end":{"line":180,"column":null}},"8":{"start":{"line":182,"column":2},"end":{"line":200,"column":null}}},"fnMap":{"0":{"name":"(anonymous_0)","decl":{"start":{"line":160,"column":13},"end":{"line":160,"column":21}},"loc":{"start":{"line":168,"column":17},"end":{"line":200,"column":null}},"line":168}},"branchMap":{"0":{"loc":{"start":{"line":162,"column":2},"end":{"line":162,"column":null}},"type":"default-arg","locations":[{"start":{"line":162,"column":9},"end":{"line":162,"column":null}}],"line":162},"1":{"loc":{"start":{"line":163,"column":2},"end":{"line":163,"column":null}},"type":"default-arg","locations":[{"start":{"line":163,"column":14},"end":{"line":163,"column":null}}],"line":163},"2":{"loc":{"start":{"line":164,"column":2},"end":{"line":164,"column":null}},"type":"default-arg","locations":[{"start":{"line":164,"column":10},"end":{"line":164,"column":null}}],"line":164},"3":{"loc":{"start":{"line":169,"column":12},"end":{"line":169,"column":null}},"type":"cond-expr","locations":[{"start":{"line":169,"column":19},"end":{"line":169,"column":46}},{"start":{"line":169,"column":46},"end":{"line":169,"column":null}}],"line":169},"4":{"loc":{"start":{"line":170,"column":22},"end":{"line":170,"column":null}},"type":"cond-expr","locations":[{"start":{"line":170,"column":47},"end":{"line":170,"column":51}},{"start":{"line":170,"column":51},"end":{"line":170,"column":null}}],"line":170},"5":{"loc":{"start":{"line":171,"column":15},"end":{"line":171,"column":null}},"type":"cond-expr","locations":[{"start":{"line":171,"column":40},"end":{"line":171,"column":48}},{"start":{"line":171,"column":48},"end":{"line":171,"column":null}}],"line":171},"6":{"loc":{"start":{"line":194,"column":19},"end":{"line":194,"column":null}},"type":"cond-expr","locations":[{"start":{"line":194,"column":27},"end":{"line":194,"column":39}},{"start":{"line":194,"column":39},"end":{"line":194,"column":null}}],"line":194},"7":{"loc":{"start":{"line":195,"column":12},"end":{"line":195,"column":null}},"type":"cond-expr","locations":[{"start":{"line":195,"column":20},"end":{"line":195,"column":28}},{"start":{"line":195,"column":28},"end":{"line":195,"column":null}}],"line":195},"8":{"loc":{"start":{"line":199,"column":7},"end":{"line":199,"column":null}},"type":"binary-expr","locations":[{"start":{"line":199,"column":7},"end":{"line":199,"column":12}},{"start":{"line":199,"column":12},"end":{"line":199,"column":null}}],"line":199}},"s":{"0":47,"1":47,"2":47,"3":47,"4":1036,"5":1036,"6":1036,"7":1036,"8":1036},"f":{"0":1036},"b":{"0":[1036],"1":[1036],"2":[1036],"3":[1036,0],"4":[1,1035],"5":[1,1035],"6":[0,1036],"7":[0,1036],"8":[1036,1034]},"meta":{"lastBranch":9,"lastFunction":1,"lastStatement":9,"seen":{"s:1:35:1:Infinity":0,"s:11:57:144:Infinity":1,"s:147:26:147:44":2,"s:160:13:200:Infinity":3,"f:160:13:160:21":0,"b:162:9:162:Infinity":0,"b:163:14:163:Infinity":1,"b:164:10:164:Infinity":2,"s:169:12:169:Infinity":4,"b:169:19:169:46:169:46:169:Infinity":3,"s:170:22:170:Infinity":5,"b:170:47:170:51:170:51:170:Infinity":4,"s:171:15:171:Infinity":6,"b:171:40:171:48:171:48:171:Infinity":5,"s:173:34:180:Infinity":7,"s:182:2:200:Infinity":8,"b:194:27:194:39:194:39:194:Infinity":6,"b:195:20:195:28:195:28:195:Infinity":7,"b:199:7:199:12:199:12:199:Infinity":8}}}
,"C:\\Users\\bobop\\Documents\\own\\storybook\\src\\components\\atoms\\Icon\\index.ts": {"path":"C:\\Users\\bobop\\Documents\\own\\storybook\\src\\components\\atoms\\Icon\\index.ts","statementMap":{},"fnMap":{},"branchMap":{},"s":{},"f":{},"b":{},"meta":{"lastBranch":0,"lastFunction":0,"lastStatement":0,"seen":{}}}
,"C:\\Users\\bobop\\Documents\\own\\storybook\\src\\components\\atoms\\Image\\Image.tsx": {"path":"C:\\Users\\bobop\\Documents\\own\\storybook\\src\\components\\atoms\\Image\\Image.tsx","statementMap":{"0":{"start":{"line":1,"column":29},"end":{"line":1,"column":null}},"1":{"start":{"line":1,"column":45},"end":{"line":1,"column":null}},"2":{"start":{"line":7,"column":46},"end":{"line":12,"column":null}},"3":{"start":{"line":29,"column":13},"end":{"line":119,"column":null}},"4":{"start":{"line":41,"column":30},"end":{"line":41,"column":45}},"5":{"start":{"line":42,"column":30},"end":{"line":42,"column":45}},"6":{"start":{"line":44,"column":38},"end":{"line":55,"column":null}},"7":{"start":{"line":57,"column":34},"end":{"line":67,"column":null}},"8":{"start":{"line":69,"column":2},"end":{"line":119,"column":null}},"9":{"start":{"line":116,"column":22},"end":{"line":116,"column":37}},"10":{"start":{"line":117,"column":23},"end":{"line":117,"column":37}}},"fnMap":{"0":{"name":"(anonymous_0)","decl":{"start":{"line":29,"column":13},"end":{"line":29,"column":22}},"loc":{"start":{"line":40,"column":18},"end":{"line":119,"column":null}},"line":40},"1":{"name":"(anonymous_1)","decl":{"start":{"line":116,"column":8},"end":{"line":116,"column":22}},"loc":{"start":{"line":116,"column":22},"end":{"line":116,"column":37}},"line":116},"2":{"name":"(anonymous_2)","decl":{"start":{"line":117,"column":8},"end":{"line":117,"column":23}},"loc":{"start":{"line":117,"column":23},"end":{"line":117,"column":37}},"line":117}},"branchMap":{"0":{"loc":{"start":{"line":33,"column":2},"end":{"line":33,"column":null}},"type":"default-arg","locations":[{"start":{"line":33,"column":8},"end":{"line":33,"column":null}}],"line":33},"1":{"loc":{"start":{"line":34,"column":2},"end":{"line":34,"column":null}},"type":"default-arg","locations":[{"start":{"line":34,"column":9},"end":{"line":34,"column":null}}],"line":34},"2":{"loc":{"start":{"line":35,"column":2},"end":{"line":35,"column":null}},"type":"default-arg","locations":[{"start":{"line":35,"column":17},"end":{"line":35,"column":null}}],"line":35},"3":{"loc":{"start":{"line":36,"column":2},"end":{"line":36,"column":null}},"type":"default-arg","locations":[{"start":{"line":36,"column":10},"end":{"line":36,"column":null}}],"line":36},"4":{"loc":{"start":{"line":37,"column":2},"end":{"line":37,"column":null}},"type":"default-arg","locations":[{"start":{"line":37,"column":17},"end":{"line":37,"column":null}}],"line":37},"5":{"loc":{"start":{"line":51,"column":8},"end":{"line":53,"column":10}},"type":"cond-expr","locations":[{"start":{"line":52,"column":8},"end":{"line":52,"column":null}},{"start":{"line":53,"column":8},"end":{"line":53,"column":10}}],"line":51},"6":{"loc":{"start":{"line":62,"column":8},"end":{"line":64,"column":10}},"type":"cond-expr","locations":[{"start":{"line":63,"column":8},"end":{"line":63,"column":null}},{"start":{"line":64,"column":8},"end":{"line":64,"column":10}}],"line":62},"7":{"loc":{"start":{"line":65,"column":13},"end":{"line":65,"column":null}},"type":"cond-expr","locations":[{"start":{"line":65,"column":22},"end":{"line":65,"column":26}},{"start":{"line":65,"column":26},"end":{"line":65,"column":null}}],"line":65},"8":{"loc":{"start":{"line":72,"column":7},"end":{"line":82,"column":null}},"type":"binary-expr","locations":[{"start":{"line":72,"column":7},"end":{"line":72,"column":23}},{"start":{"line":72,"column":23},"end":{"line":72,"column":34}},{"start":{"line":72,"column":34},"end":{"line":72,"column":null}},{"start":{"line":73,"column":8},"end":{"line":82,"column":null}}],"line":72},"9":{"loc":{"start":{"line":76,"column":22},"end":{"line":76,"column":null}},"type":"cond-expr","locations":[{"start":{"line":76,"column":30},"end":{"line":76,"column":43}},{"start":{"line":76,"column":43},"end":{"line":76,"column":null}}],"line":76},"10":{"loc":{"start":{"line":77,"column":19},"end":{"line":77,"column":null}},"type":"cond-expr","locations":[{"start":{"line":77,"column":27},"end":{"line":77,"column":31}},{"start":{"line":77,"column":31},"end":{"line":77,"column":null}}],"line":77},"11":{"loc":{"start":{"line":79,"column":20},"end":{"line":79,"column":null}},"type":"cond-expr","locations":[{"start":{"line":79,"column":28},"end":{"line":79,"column":37}},{"start":{"line":79,"column":37},"end":{"line":79,"column":null}}],"line":79},"12":{"loc":{"start":{"line":86,"column":7},"end":{"line":108,"column":null}},"type":"binary-expr","locations":[{"start":{"line":86,"column":7},"end":{"line":86,"column":null}},{"start":{"line":87,"column":8},"end":{"line":108,"column":null}}],"line":86},"13":{"loc":{"start":{"line":89,"column":22},"end":{"line":89,"column":null}},"type":"cond-expr","locations":[{"start":{"line":89,"column":30},"end":{"line":89,"column":43}},{"start":{"line":89,"column":43},"end":{"line":89,"column":null}}],"line":89},"14":{"loc":{"start":{"line":90,"column":19},"end":{"line":90,"column":null}},"type":"cond-expr","locations":[{"start":{"line":90,"column":27},"end":{"line":90,"column":31}},{"start":{"line":90,"column":31},"end":{"line":90,"column":null}}],"line":90},"15":{"loc":{"start":{"line":95,"column":20},"end":{"line":95,"column":null}},"type":"cond-expr","locations":[{"start":{"line":95,"column":28},"end":{"line":95,"column":37}},{"start":{"line":95,"column":37},"end":{"line":95,"column":null}}],"line":95},"16":{"loc":{"start":{"line":114,"column":17},"end":{"line":114,"column":null}},"type":"cond-expr","locations":[{"start":{"line":114,"column":24},"end":{"line":114,"column":33}},{"start":{"line":114,"column":33},"end":{"line":114,"column":null}}],"line":114}},"s":{"0":1,"1":1,"2":1,"3":1,"4":7,"5":7,"6":7,"7":7,"8":7,"9":0,"10":0},"f":{"0":7,"1":0,"2":0},"b":{"0":[7],"1":[7],"2":[7],"3":[7],"4":[7],"5":[6,1],"6":[6,1],"7":[0,7],"8":[7,7,7,7],"9":[6,1],"10":[6,1],"11":[6,1],"12":[7,0],"13":[0,0],"14":[0,0],"15":[0,0],"16":[7,0]},"meta":{"lastBranch":17,"lastFunction":3,"lastStatement":11,"seen":{"s:1:29:1:Infinity":0,"s:1:45:1:Infinity":1,"s:7:46:12:Infinity":2,"s:29:13:119:Infinity":3,"f:29:13:29:22":0,"b:33:8:33:Infinity":0,"b:34:9:34:Infinity":1,"b:35:17:35:Infinity":2,"b:36:10:36:Infinity":3,"b:37:17:37:Infinity":4,"s:41:30:41:45":4,"s:42:30:42:45":5,"s:44:38:55:Infinity":6,"b:52:8:52:Infinity:53:8:53:10":5,"s:57:34:67:Infinity":7,"b:63:8:63:Infinity:64:8:64:10":6,"b:65:22:65:26:65:26:65:Infinity":7,"s:69:2:119:Infinity":8,"b:72:7:72:23:72:23:72:34:72:34:72:Infinity:73:8:82:Infinity":8,"b:76:30:76:43:76:43:76:Infinity":9,"b:77:27:77:31:77:31:77:Infinity":10,"b:79:28:79:37:79:37:79:Infinity":11,"b:86:7:86:Infinity:87:8:108:Infinity":12,"b:89:30:89:43:89:43:89:Infinity":13,"b:90:27:90:31:90:31:90:Infinity":14,"b:95:28:95:37:95:37:95:Infinity":15,"b:114:24:114:33:114:33:114:Infinity":16,"f:116:8:116:22":1,"s:116:22:116:37":9,"f:117:8:117:23":2,"s:117:23:117:37":10}}}
,"C:\\Users\\bobop\\Documents\\own\\storybook\\src\\components\\atoms\\Input\\Input.tsx": {"path":"C:\\Users\\bobop\\Documents\\own\\storybook\\src\\components\\atoms\\Input\\Input.tsx","statementMap":{"0":{"start":{"line":5,"column":2},"end":{"line":6,"column":null}},"1":{"start":{"line":6,"column":7},"end":{"line":6,"column":null}},"2":{"start":{"line":26,"column":45},"end":{"line":32,"column":null}},"3":{"start":{"line":34,"column":21},"end":{"line":174,"column":null}},"4":{"start":{"line":52,"column":23},"end":{"line":52,"column":null}},"5":{"start":{"line":53,"column":23},"end":{"line":53,"column":null}},"6":{"start":{"line":54,"column":23},"end":{"line":54,"column":65}},"7":{"start":{"line":56,"column":38},"end":{"line":62,"column":null}},"8":{"start":{"line":64,"column":24},"end":{"line":64,"column":null}},"9":{"start":{"line":67,"column":40},"end":{"line":84,"column":null}},"10":{"start":{"line":87,"column":38},"end":{"line":99,"column":null}},"11":{"start":{"line":101,"column":37},"end":{"line":109,"column":null}},"12":{"start":{"line":111,"column":4},"end":{"line":171,"column":null}},"13":{"start":{"line":176,"column":0},"end":{"line":176,"column":null}}},"fnMap":{"0":{"name":"(anonymous_0)","decl":{"start":{"line":34,"column":21},"end":{"line":34,"column":null}},"loc":{"start":{"line":51,"column":7},"end":{"line":174,"column":null}},"line":51}},"branchMap":{"0":{"loc":{"start":{"line":39,"column":6},"end":{"line":39,"column":null}},"type":"default-arg","locations":[{"start":{"line":39,"column":14},"end":{"line":39,"column":null}}],"line":39},"1":{"loc":{"start":{"line":52,"column":23},"end":{"line":52,"column":null}},"type":"binary-expr","locations":[{"start":{"line":52,"column":23},"end":{"line":52,"column":35}},{"start":{"line":52,"column":35},"end":{"line":52,"column":null}}],"line":52},"2":{"loc":{"start":{"line":53,"column":23},"end":{"line":53,"column":null}},"type":"binary-expr","locations":[{"start":{"line":53,"column":23},"end":{"line":53,"column":35}},{"start":{"line":53,"column":35},"end":{"line":53,"column":null}}],"line":53},"3":{"loc":{"start":{"line":54,"column":23},"end":{"line":54,"column":65}},"type":"binary-expr","locations":[{"start":{"line":54,"column":23},"end":{"line":54,"column":44}},{"start":{"line":54,"column":44},"end":{"line":54,"column":65}}],"line":54},"4":{"loc":{"start":{"line":56,"column":38},"end":{"line":62,"column":null}},"type":"cond-expr","locations":[{"start":{"line":57,"column":8},"end":{"line":57,"column":null}},{"start":{"line":58,"column":8},"end":{"line":62,"column":null}}],"line":56},"5":{"loc":{"start":{"line":58,"column":8},"end":{"line":62,"column":null}},"type":"cond-expr","locations":[{"start":{"line":59,"column":8},"end":{"line":59,"column":null}},{"start":{"line":60,"column":8},"end":{"line":62,"column":null}}],"line":58},"6":{"loc":{"start":{"line":60,"column":8},"end":{"line":62,"column":null}},"type":"cond-expr","locations":[{"start":{"line":61,"column":8},"end":{"line":61,"column":null}},{"start":{"line":62,"column":8},"end":{"line":62,"column":null}}],"line":60},"7":{"loc":{"start":{"line":75,"column":18},"end":{"line":79,"column":null}},"type":"cond-expr","locations":[{"start":{"line":76,"column":10},"end":{"line":76,"column":null}},{"start":{"line":77,"column":10},"end":{"line":79,"column":null}}],"line":75},"8":{"loc":{"start":{"line":77,"column":10},"end":{"line":79,"column":null}},"type":"cond-expr","locations":[{"start":{"line":78,"column":10},"end":{"line":78,"column":null}},{"start":{"line":79,"column":10},"end":{"line":79,"column":null}}],"line":77},"9":{"loc":{"start":{"line":82,"column":15},"end":{"line":82,"column":null}},"type":"cond-expr","locations":[{"start":{"line":82,"column":28},"end":{"line":82,"column":56}},{"start":{"line":82,"column":56},"end":{"line":82,"column":null}}],"line":82},"10":{"loc":{"start":{"line":90,"column":19},"end":{"line":90,"column":null}},"type":"cond-expr","locations":[{"start":{"line":90,"column":30},"end":{"line":90,"column":51}},{"start":{"line":90,"column":51},"end":{"line":90,"column":null}}],"line":90},"11":{"loc":{"start":{"line":91,"column":20},"end":{"line":91,"column":null}},"type":"cond-expr","locations":[{"start":{"line":91,"column":32},"end":{"line":91,"column":53}},{"start":{"line":91,"column":53},"end":{"line":91,"column":null}}],"line":91},"12":{"loc":{"start":{"line":97,"column":13},"end":{"line":97,"column":null}},"type":"cond-expr","locations":[{"start":{"line":97,"column":26},"end":{"line":97,"column":57}},{"start":{"line":97,"column":57},"end":{"line":97,"column":null}}],"line":97},"13":{"loc":{"start":{"line":98,"column":14},"end":{"line":98,"column":null}},"type":"cond-expr","locations":[{"start":{"line":98,"column":27},"end":{"line":98,"column":43}},{"start":{"line":98,"column":43},"end":{"line":98,"column":null}}],"line":98},"14":{"loc":{"start":{"line":98,"column":43},"end":{"line":98,"column":null}},"type":"cond-expr","locations":[{"start":{"line":98,"column":56},"end":{"line":98,"column":68}},{"start":{"line":98,"column":68},"end":{"line":98,"column":null}}],"line":98},"15":{"loc":{"start":{"line":106,"column":13},"end":{"line":108,"column":null}},"type":"cond-expr","locations":[{"start":{"line":107,"column":10},"end":{"line":107,"column":null}},{"start":{"line":108,"column":10},"end":{"line":108,"column":null}}],"line":106},"16":{"loc":{"start":{"line":115,"column":28},"end":{"line":115,"column":106}},"type":"cond-expr","locations":[{"start":{"line":115,"column":38},"end":{"line":115,"column":78}},{"start":{"line":115,"column":78},"end":{"line":115,"column":106}}],"line":115},"17":{"loc":{"start":{"line":116,"column":36},"end":{"line":116,"column":95}},"type":"cond-expr","locations":[{"start":{"line":116,"column":46},"end":{"line":116,"column":71}},{"start":{"line":116,"column":71},"end":{"line":116,"column":95}}],"line":116},"18":{"loc":{"start":{"line":121,"column":42},"end":{"line":121,"column":58}},"type":"binary-expr","locations":[{"start":{"line":121,"column":42},"end":{"line":121,"column":55}},{"start":{"line":121,"column":55},"end":{"line":121,"column":58}}],"line":121},"19":{"loc":{"start":{"line":124,"column":11},"end":{"line":129,"column":null}},"type":"binary-expr","locations":[{"start":{"line":124,"column":11},"end":{"line":124,"column":null}},{"start":{"line":125,"column":12},"end":{"line":129,"column":null}}],"line":124},"20":{"loc":{"start":{"line":137,"column":26},"end":{"line":137,"column":null}},"type":"binary-expr","locations":[{"start":{"line":137,"column":26},"end":{"line":137,"column":37}},{"start":{"line":137,"column":37},"end":{"line":137,"column":null}}],"line":137},"21":{"loc":{"start":{"line":141,"column":11},"end":{"line":146,"column":null}},"type":"binary-expr","locations":[{"start":{"line":141,"column":11},"end":{"line":141,"column":null}},{"start":{"line":142,"column":12},"end":{"line":146,"column":null}}],"line":141},"22":{"loc":{"start":{"line":150,"column":9},"end":{"line":163,"column":null}},"type":"binary-expr","locations":[{"start":{"line":150,"column":9},"end":{"line":150,"column":20}},{"start":{"line":150,"column":20},"end":{"line":150,"column":null}},{"start":{"line":151,"column":10},"end":{"line":163,"column":null}}],"line":150},"23":{"loc":{"start":{"line":166,"column":9},"end":{"line":169,"column":null}},"type":"binary-expr","locations":[{"start":{"line":166,"column":9},"end":{"line":166,"column":21}},{"start":{"line":166,"column":21},"end":{"line":166,"column":null}},{"start":{"line":167,"column":10},"end":{"line":169,"column":null}}],"line":166}},"s":{"0":2,"1":2,"2":2,"3":2,"4":24,"5":24,"6":24,"7":24,"8":24,"9":24,"10":24,"11":24,"12":24,"13":2},"f":{"0":24},"b":{"0":[24],"1":[24,22],"2":[24,24],"3":[24,21],"4":[5,19],"5":[2,17],"6":[4,13],"7":[5,19],"8":[2,17],"9":[5,19],"10":[2,22],"11":[1,23],"12":[5,19],"13":[5,19],"14":[2,17],"15":[4,20],"16":[4,20],"17":[4,20],"18":[24,24],"19":[24,2],"20":[24,20],"21":[24,1],"22":[24,4,4],"23":[24,20,3]},"meta":{"lastBranch":24,"lastFunction":1,"lastStatement":14,"seen":{"s:5:2:6:Infinity":0,"s:6:7:6:Infinity":1,"s:26:45:32:Infinity":2,"s:34:21:174:Infinity":3,"f:34:21:34:Infinity":0,"b:39:14:39:Infinity":0,"s:52:23:52:Infinity":4,"b:52:23:52:35:52:35:52:Infinity":1,"s:53:23:53:Infinity":5,"b:53:23:53:35:53:35:53:Infinity":2,"s:54:23:54:65":6,"b:54:23:54:44:54:44:54:65":3,"s:56:38:62:Infinity":7,"b:57:8:57:Infinity:58:8:62:Infinity":4,"b:59:8:59:Infinity:60:8:62:Infinity":5,"b:61:8:61:Infinity:62:8:62:Infinity":6,"s:64:24:64:Infinity":8,"s:67:40:84:Infinity":9,"b:76:10:76:Infinity:77:10:79:Infinity":7,"b:78:10:78:Infinity:79:10:79:Infinity":8,"b:82:28:82:56:82:56:82:Infinity":9,"s:87:38:99:Infinity":10,"b:90:30:90:51:90:51:90:Infinity":10,"b:91:32:91:53:91:53:91:Infinity":11,"b:97:26:97:57:97:57:97:Infinity":12,"b:98:27:98:43:98:43:98:Infinity":13,"b:98:56:98:68:98:68:98:Infinity":14,"s:101:37:109:Infinity":11,"b:107:10:107:Infinity:108:10:108:Infinity":15,"s:111:4:171:Infinity":12,"b:115:38:115:78:115:78:115:106":16,"b:116:46:116:71:116:71:116:95":17,"b:121:42:121:55:121:55:121:58":18,"b:124:11:124:Infinity:125:12:129:Infinity":19,"b:137:26:137:37:137:37:137:Infinity":20,"b:141:11:141:Infinity:142:12:146:Infinity":21,"b:150:9:150:20:150:20:150:Infinity:151:10:163:Infinity":22,"b:166:9:166:21:166:21:166:Infinity:167:10:169:Infinity":23,"s:176:0:176:Infinity":13}}}
,"C:\\Users\\bobop\\Documents\\own\\storybook\\src\\components\\atoms\\Input\\index.ts": {"path":"C:\\Users\\bobop\\Documents\\own\\storybook\\src\\components\\atoms\\Input\\index.ts","statementMap":{},"fnMap":{},"branchMap":{},"s":{},"f":{},"b":{},"meta":{"lastBranch":0,"lastFunction":0,"lastStatement":0,"seen":{}}}
,"C:\\Users\\bobop\\Documents\\own\\storybook\\src\\components\\atoms\\Kbd\\Kbd.tsx": {"path":"C:\\Users\\bobop\\Documents\\own\\storybook\\src\\components\\atoms\\Kbd\\Kbd.tsx","statementMap":{"0":{"start":{"line":1,"column":51},"end":{"line":1,"column":null}},"1":{"start":{"line":9,"column":32},"end":{"line":24,"column":null}},"2":{"start":{"line":26,"column":6},"end":{"line":29,"column":null}},"3":{"start":{"line":27,"column":2},"end":{"line":29,"column":null}},"4":{"start":{"line":39,"column":13},"end":{"line":64,"column":null}},"5":{"start":{"line":45,"column":2},"end":{"line":64,"column":null}},"6":{"start":{"line":55,"column":6},"end":{"line":62,"column":null}},"7":{"start":{"line":67,"column":19},"end":{"line":67,"column":null}}},"fnMap":{"0":{"name":"(anonymous_0)","decl":{"start":{"line":26,"column":6},"end":{"line":26,"column":13}},"loc":{"start":{"line":27,"column":2},"end":{"line":29,"column":null}},"line":27},"1":{"name":"(anonymous_1)","decl":{"start":{"line":39,"column":13},"end":{"line":39,"column":25}},"loc":{"start":{"line":45,"column":2},"end":{"line":64,"column":null}},"line":45},"2":{"name":"(anonymous_2)","decl":{"start":{"line":54,"column":10},"end":{"line":54,"column":15}},"loc":{"start":{"line":55,"column":6},"end":{"line":62,"column":null}},"line":55}},"branchMap":{"0":{"loc":{"start":{"line":41,"column":2},"end":{"line":41,"column":null}},"type":"default-arg","locations":[{"start":{"line":41,"column":14},"end":{"line":41,"column":null}}],"line":41},"1":{"loc":{"start":{"line":56,"column":9},"end":{"line":61,"column":9}},"type":"binary-expr","locations":[{"start":{"line":56,"column":9},"end":{"line":56,"column":null}},{"start":{"line":57,"column":10},"end":{"line":61,"column":9}}],"line":56}},"s":{"0":1,"1":1,"2":1,"3":16,"4":1,"5":5,"6":12,"7":1},"f":{"0":16,"1":5,"2":12},"b":{"0":[5],"1":[12,7]},"meta":{"lastBranch":2,"lastFunction":3,"lastStatement":8,"seen":{"s:1:51:1:Infinity":0,"s:9:32:24:Infinity":1,"s:26:6:29:Infinity":2,"f:26:6:26:13":0,"s:27:2:29:Infinity":3,"s:39:13:64:Infinity":4,"f:39:13:39:25":1,"s:45:2:64:Infinity":5,"b:41:14:41:Infinity":0,"f:54:10:54:15":2,"s:55:6:62:Infinity":6,"b:56:9:56:Infinity:57:10:61:9":1,"s:67:19:67:Infinity":7}}}
,"C:\\Users\\bobop\\Documents\\own\\storybook\\src\\components\\atoms\\Label\\Label.tsx": {"path":"C:\\Users\\bobop\\Documents\\own\\storybook\\src\\components\\atoms\\Label\\Label.tsx","statementMap":{"0":{"start":{"line":1,"column":51},"end":{"line":1,"column":null}},"1":{"start":{"line":14,"column":59},"end":{"line":35,"column":null}},"2":{"start":{"line":37,"column":13},"end":{"line":64,"column":null}},"3":{"start":{"line":45,"column":35},"end":{"line":51,"column":null}},"4":{"start":{"line":53,"column":2},"end":{"line":64,"column":null}}},"fnMap":{"0":{"name":"(anonymous_0)","decl":{"start":{"line":37,"column":13},"end":{"line":37,"column":22}},"loc":{"start":{"line":44,"column":18},"end":{"line":64,"column":null}},"line":44}},"branchMap":{"0":{"loc":{"start":{"line":38,"column":2},"end":{"line":38,"column":null}},"type":"default-arg","locations":[{"start":{"line":38,"column":12},"end":{"line":38,"column":null}}],"line":38},"1":{"loc":{"start":{"line":40,"column":2},"end":{"line":40,"column":null}},"type":"default-arg","locations":[{"start":{"line":40,"column":13},"end":{"line":40,"column":null}}],"line":40},"2":{"loc":{"start":{"line":56,"column":7},"end":{"line":64,"column":null}},"type":"binary-expr","locations":[{"start":{"line":56,"column":7},"end":{"line":56,"column":null}},{"start":{"line":57,"column":8},"end":{"line":64,"column":null}}],"line":56}},"s":{"0":2,"1":2,"2":2,"3":18,"4":18},"f":{"0":18},"b":{"0":[18],"1":[18],"2":[18,5]},"meta":{"lastBranch":3,"lastFunction":1,"lastStatement":5,"seen":{"s:1:51:1:Infinity":0,"s:14:59:35:Infinity":1,"s:37:13:64:Infinity":2,"f:37:13:37:22":0,"b:38:12:38:Infinity":0,"b:40:13:40:Infinity":1,"s:45:35:51:Infinity":3,"s:53:2:64:Infinity":4,"b:56:7:56:Infinity:57:8:64:Infinity":2}}}
,"C:\\Users\\bobop\\Documents\\own\\storybook\\src\\components\\atoms\\Label\\index.ts": {"path":"C:\\Users\\bobop\\Documents\\own\\storybook\\src\\components\\atoms\\Label\\index.ts","statementMap":{},"fnMap":{},"branchMap":{},"s":{},"f":{},"b":{},"meta":{"lastBranch":0,"lastFunction":0,"lastStatement":0,"seen":{}}}
,"C:\\Users\\bobop\\Documents\\own\\storybook\\src\\components\\atoms\\Link\\Link.tsx": {"path":"C:\\Users\\bobop\\Documents\\own\\storybook\\src\\components\\atoms\\Link\\Link.tsx","statementMap":{"0":{"start":{"line":1,"column":78},"end":{"line":1,"column":null}},"1":{"start":{"line":15,"column":54},"end":{"line":19,"column":null}},"2":{"start":{"line":21,"column":13},"end":{"line":89,"column":null}},"3":{"start":{"line":32,"column":21},"end":{"line":32,"column":null}},"4":{"start":{"line":33,"column":22},"end":{"line":33,"column":null}},"5":{"start":{"line":35,"column":35},"end":{"line":53,"column":null}},"6":{"start":{"line":55,"column":2},"end":{"line":89,"column":null}}},"fnMap":{"0":{"name":"(anonymous_0)","decl":{"start":{"line":21,"column":13},"end":{"line":21,"column":21}},"loc":{"start":{"line":31,"column":17},"end":{"line":89,"column":null}},"line":31}},"branchMap":{"0":{"loc":{"start":{"line":22,"column":2},"end":{"line":22,"column":null}},"type":"default-arg","locations":[{"start":{"line":22,"column":12},"end":{"line":22,"column":null}}],"line":22},"1":{"loc":{"start":{"line":33,"column":22},"end":{"line":33,"column":null}},"type":"cond-expr","locations":[{"start":{"line":33,"column":36},"end":{"line":33,"column":68}},{"start":{"line":33,"column":68},"end":{"line":33,"column":null}}],"line":33},"2":{"loc":{"start":{"line":33,"column":36},"end":{"line":33,"column":68}},"type":"binary-expr","locations":[{"start":{"line":33,"column":36},"end":{"line":33,"column":43}},{"start":{"line":33,"column":43},"end":{"line":33,"column":68}}],"line":33},"3":{"loc":{"start":{"line":36,"column":13},"end":{"line":36,"column":null}},"type":"cond-expr","locations":[{"start":{"line":36,"column":40},"end":{"line":36,"column":56}},{"start":{"line":36,"column":56},"end":{"line":36,"column":null}}],"line":36},"4":{"loc":{"start":{"line":40,"column":14},"end":{"line":40,"column":null}},"type":"cond-expr","locations":[{"start":{"line":40,"column":21},"end":{"line":40,"column":37}},{"start":{"line":40,"column":37},"end":{"line":40,"column":null}}],"line":40},"5":{"loc":{"start":{"line":41,"column":16},"end":{"line":43,"column":null}},"type":"cond-expr","locations":[{"start":{"line":42,"column":9},"end":{"line":42,"column":null}},{"start":{"line":43,"column":8},"end":{"line":43,"column":null}}],"line":41},"6":{"loc":{"start":{"line":45,"column":20},"end":{"line":45,"column":null}},"type":"cond-expr","locations":[{"start":{"line":45,"column":43},"end":{"line":45,"column":57}},{"start":{"line":45,"column":57},"end":{"line":45,"column":null}}],"line":45},"7":{"loc":{"start":{"line":72,"column":10},"end":{"line":72,"column":null}},"type":"cond-expr","locations":[{"start":{"line":72,"column":37},"end":{"line":72,"column":60}},{"start":{"line":72,"column":60},"end":{"line":72,"column":null}}],"line":72},"8":{"loc":{"start":{"line":73,"column":10},"end":{"line":73,"column":null}},"type":"binary-expr","locations":[{"start":{"line":73,"column":10},"end":{"line":73,"column":23}},{"start":{"line":73,"column":23},"end":{"line":73,"column":null}}],"line":73},"9":{"loc":{"start":{"line":81,"column":9},"end":{"line":88,"column":null}},"type":"binary-expr","locations":[{"start":{"line":81,"column":9},"end":{"line":81,"column":null}},{"start":{"line":82,"column":10},"end":{"line":88,"column":null}}],"line":81}},"s":{"0":1,"1":1,"2":1,"3":10,"4":10,"5":10,"6":10},"f":{"0":10},"b":{"0":[10],"1":[2,8],"2":[2,2],"3":[3,7],"4":[3,7],"5":[3,7],"6":[7,3],"7":[3,7],"8":[10,10],"9":[10,2]},"meta":{"lastBranch":10,"lastFunction":1,"lastStatement":7,"seen":{"s:1:78:1:Infinity":0,"s:15:54:19:Infinity":1,"s:21:13:89:Infinity":2,"f:21:13:21:21":0,"b:22:12:22:Infinity":0,"s:32:21:32:Infinity":3,"s:33:22:33:Infinity":4,"b:33:36:33:68:33:68:33:Infinity":1,"b:33:36:33:43:33:43:33:68":2,"s:35:35:53:Infinity":5,"b:36:40:36:56:36:56:36:Infinity":3,"b:40:21:40:37:40:37:40:Infinity":4,"b:42:9:42:Infinity:43:8:43:Infinity":5,"b:45:43:45:57:45:57:45:Infinity":6,"s:55:2:89:Infinity":6,"b:72:37:72:60:72:60:72:Infinity":7,"b:73:10:73:23:73:23:73:Infinity":8,"b:81:9:81:Infinity:82:10:88:Infinity":9}}}
,"C:\\Users\\bobop\\Documents\\own\\storybook\\src\\components\\atoms\\Radio\\Radio.tsx": {"path":"C:\\Users\\bobop\\Documents\\own\\storybook\\src\\components\\atoms\\Radio\\Radio.tsx","statementMap":{"0":{"start":{"line":1,"column":71},"end":{"line":1,"column":null}},"1":{"start":{"line":1,"column":84},"end":{"line":1,"column":null}},"2":{"start":{"line":22,"column":13},"end":{"line":102,"column":null}},"3":{"start":{"line":31,"column":13},"end":{"line":31,"column":20}},"4":{"start":{"line":32,"column":18},"end":{"line":32,"column":null}},"5":{"start":{"line":34,"column":38},"end":{"line":42,"column":null}},"6":{"start":{"line":44,"column":37},"end":{"line":56,"column":null}},"7":{"start":{"line":58,"column":34},"end":{"line":65,"column":null}},"8":{"start":{"line":67,"column":2},"end":{"line":102,"column":null}},"9":{"start":{"line":107,"column":13},"end":{"line":139,"column":null}},"10":{"start":{"line":118,"column":36},"end":{"line":124,"column":null}},"11":{"start":{"line":126,"column":2},"end":{"line":139,"column":null}},"12":{"start":{"line":129,"column":8},"end":{"line":137,"column":null}},"13":{"start":{"line":136,"column":26},"end":{"line":136,"column":50}}},"fnMap":{"0":{"name":"(anonymous_0)","decl":{"start":{"line":22,"column":13},"end":{"line":22,"column":22}},"loc":{"start":{"line":30,"column":18},"end":{"line":102,"column":null}},"line":30},"1":{"name":"(anonymous_1)","decl":{"start":{"line":107,"column":13},"end":{"line":107,"column":27}},"loc":{"start":{"line":117,"column":23},"end":{"line":139,"column":null}},"line":117},"2":{"name":"(anonymous_2)","decl":{"start":{"line":128,"column":15},"end":{"line":128,"column":20}},"loc":{"start":{"line":129,"column":8},"end":{"line":137,"column":null}},"line":129},"3":{"name":"(anonymous_3)","decl":{"start":{"line":136,"column":10},"end":{"line":136,"column":26}},"loc":{"start":{"line":136,"column":26},"end":{"line":136,"column":50}},"line":136}},"branchMap":{"0":{"loc":{"start":{"line":38,"column":12},"end":{"line":38,"column":null}},"type":"cond-expr","locations":[{"start":{"line":38,"column":23},"end":{"line":38,"column":39}},{"start":{"line":38,"column":39},"end":{"line":38,"column":null}}],"line":38},"1":{"loc":{"start":{"line":3
[...]
:{"line":45,"column":16},"end":{"line":45,"column":null}}],"line":45},"10":{"loc":{"start":{"line":46,"column":2},"end":{"line":46,"column":null}},"type":"default-arg","locations":[{"start":{"line":46,"column":14},"end":{"line":46,"column":null}}],"line":46},"11":{"loc":{"start":{"line":56,"column":18},"end":{"line":56,"column":null}},"type":"cond-expr","locations":[{"start":{"line":56,"column":30},"end":{"line":56,"column":51}},{"start":{"line":56,"column":51},"end":{"line":56,"column":null}}],"line":56},"12":{"loc":{"start":{"line":57,"column":15},"end":{"line":57,"column":null}},"type":"cond-expr","locations":[{"start":{"line":57,"column":27},"end":{"line":57,"column":48}},{"start":{"line":57,"column":48},"end":{"line":57,"column":null}}],"line":57},"13":{"loc":{"start":{"line":61,"column":13},"end":{"line":61,"column":null}},"type":"cond-expr","locations":[{"start":{"line":61,"column":32},"end":{"line":61,"column":53}},{"start":{"line":61,"column":53},"end":{"line":61,"column":null}}],"line":61},"14":{"loc":{"start":{"line":71,"column":7},"end":{"line":77,"column":7}},"type":"binary-expr","locations":[{"start":{"line":71,"column":7},"end":{"line":71,"column":null}},{"start":{"line":72,"column":8},"end":{"line":77,"column":7}}],"line":71},"15":{"loc":{"start":{"line":90,"column":52},"end":{"line":90,"column":120}},"type":"cond-expr","locations":[{"start":{"line":90,"column":71},"end":{"line":90,"column":96}},{"start":{"line":90,"column":96},"end":{"line":90,"column":120}}],"line":90},"16":{"loc":{"start":{"line":93,"column":11},"end":{"line":93,"column":null}},"type":"binary-expr","locations":[{"start":{"line":93,"column":11},"end":{"line":93,"column":22}},{"start":{"line":93,"column":22},"end":{"line":93,"column":null}}],"line":93},"17":{"loc":{"start":{"line":94,"column":11},"end":{"line":97,"column":null}},"type":"binary-expr","locations":[{"start":{"line":94,"column":11},"end":{"line":94,"column":null}},{"start":{"line":95,"column":12},"end":{"line":97,"column":null}}],"line":94}},"s":{"0":1,"1":1,"2":1,"3":1,"4":5,"5":5,"6":5},"f":{"0":5},"b":{"0":[5],"1":[5],"2":[5],"3":[5],"4":[5],"5":[5],"6":[5],"7":[5],"8":[5],"9":[5],"10":[5],"11":[5,0],"12":[5,0],"13":[1,4],"14":[5,5],"15":[1,4],"16":[5,5],"17":[5,5]},"meta":{"lastBranch":18,"lastFunction":1,"lastStatement":7,"seen":{"s:1:35:1:Infinity":0,"s:21:65:26:Infinity":1,"s:28:48:33:Infinity":2,"s:35:13:101:Infinity":3,"f:35:13:35:35":0,"b:36:10:36:Infinity":0,"b:37:13:37:Infinity":1,"b:38:13:38:Infinity":2,"b:39:12:39:Infinity":3,"b:40:13:40:Infinity":4,"b:41:13:41:Infinity":5,"b:42:14:42:Infinity":6,"b:43:15:43:Infinity":7,"b:44:14:44:Infinity":8,"b:45:16:45:Infinity":9,"b:46:14:46:Infinity":10,"s:50:19:50:Infinity":4,"s:52:35:67:Infinity":5,"b:56:30:56:51:56:51:56:Infinity":11,"b:57:27:57:48:57:48:57:Infinity":12,"b:61:32:61:53:61:53:61:Infinity":13,"s:69:2:101:Infinity":6,"b:71:7:71:Infinity:72:8:77:7":14,"b:90:71:90:96:90:96:90:120":15,"b:93:11:93:22:93:22:93:Infinity":16,"b:94:11:94:Infinity:95:12:97:Infinity":17}}}
,"C:\\Users\\bobop\\Documents\\own\\storybook\\src\\components\\tokens\\Breakpoints.tsx": {"path":"C:\\Users\\bobop\\Documents\\own\\storybook\\src\\components\\tokens\\Breakpoints.tsx","statementMap":{"0":{"start":{"line":3,"column":20},"end":{"line":9,"column":null}},"1":{"start":{"line":11,"column":20},"end":{"line":11,"column":null}},"2":{"start":{"line":13,"column":27},"end":{"line":18,"column":null}},"3":{"start":{"line":20,"column":29},"end":{"line":27,"column":null}},"4":{"start":{"line":29,"column":13},"end":{"line":107,"column":null}},"5":{"start":{"line":30,"column":2},"end":{"line":107,"column":null}},"6":{"start":{"line":48,"column":22},"end":{"line":48,"column":40}},"7":{"start":{"line":49,"column":28},"end":{"line":49,"column":null}},"8":{"start":{"line":51,"column":6},"end":{"line":77,"column":null}}},"fnMap":{"0":{"name":"(anonymous_0)","decl":{"start":{"line":29,"column":13},"end":{"line":29,"column":null}},"loc":{"start":{"line":30,"column":2},"end":{"line":107,"column":null}},"line":30},"1":{"name":"(anonymous_1)","decl":{"start":{"line":47,"column":17},"end":{"line":47,"column":22}},"loc":{"start":{"line":47,"column":29},"end":{"line":79,"column":null}},"line":47}},"branchMap":{},"s":{"0":1,"1":1,"2":1,"3":1,"4":1,"5":1,"6":5,"7":5,"8":5},"f":{"0":1,"1":5},"b":{},"meta":{"lastBranch":0,"lastFunction":2,"lastStatement":9,"seen":{"s:3:20:9:Infinity":0,"s:11:20:11:Infinity":1,"s:13:27:18:Infinity":2,"s:20:29:27:Infinity":3,"s:29:13:107:Infinity":4,"f:29:13:29:Infinity":0,"s:30:2:107:Infinity":5,"f:47:17:47:22":1,"s:48:22:48:40":6,"s:49:28:49:Infinity":7,"s:51:6:77:Infinity":8}}}
,"C:\\Users\\bobop\\Documents\\own\\storybook\\src\\components\\tokens\\Colors.tsx": {"path":"C:\\Users\\bobop\\Documents\\own\\storybook\\src\\components\\tokens\\Colors.tsx","statementMap":{"0":{"start":{"line":9,"column":6},"end":{"line":27,"column":null}},"1":{"start":{"line":10,"column":31},"end":{"line":21,"column":null}},"2":{"start":{"line":23,"column":2},"end":{"line":27,"column":null}},"3":{"start":{"line":36,"column":6},"end":{"line":55,"column":null}},"4":{"start":{"line":37,"column":2},"end":{"line":55,"column":null}},"5":{"start":{"line":52,"column":8},"end":{"line":52,"column":null}},"6":{"start":{"line":58,"column":15},"end":{"line":58,"column":null}},"7":{"start":{"line":59,"column":20},"end":{"line":59,"column":null}},"8":{"start":{"line":61,"column":13},"end":{"line":192,"column":null}},"9":{"start":{"line":62,"column":2},"end":{"line":192,"column":null}},"10":{"start":{"line":86,"column":32},"end":{"line":90,"column":13}},"11":{"start":{"line":100,"column":32},"end":{"line":104,"column":13}},"12":{"start":{"line":114,"column":32},"end":{"line":118,"column":13}},"13":{"start":{"line":124,"column":37},"end":{"line":128,"column":11}},"14":{"start":{"line":142,"column":8},"end":{"line":150,"column":null}}},"fnMap":{"0":{"name":"(anonymous_0)","decl":{"start":{"line":9,"column":6},"end":{"line":9,"column":16}},"loc":{"start":{"line":9,"column":71},"end":{"line":27,"column":null}},"line":9},"1":{"name":"(anonymous_1)","decl":{"start":{"line":36,"column":6},"end":{"line":36,"column":22}},"loc":{"start":{"line":37,"column":2},"end":{"line":55,"column":null}},"line":37},"2":{"name":"(anonymous_2)","decl":{"start":{"line":51,"column":16},"end":{"line":51,"column":21}},"loc":{"start":{"line":52,"column":8},"end":{"line":52,"column":null}},"line":52},"3":{"name":"(anonymous_3)","decl":{"start":{"line":61,"column":13},"end":{"line":61,"column":null}},"loc":{"start":{"line":62,"column":2},"end":{"line":192,"column":null}},"line":62},"4":{"name":"(anonymous_4)","decl":{"start":{"line":86,"column":20},"end":{"line":86,"column":25}},"loc":{"start":{"line":86,"column":32},"end":{"line":90,"column":13}},"line":86},"5":{"name":"(anonymous_5)","decl":{"start":{"line":100,"column":20},"end":{"line":100,"column":25}},"loc":{"start":{"line":100,"column":32},"end":{"line":104,"column":13}},"line":100},"6":{"name":"(anonymous_6)","decl":{"start":{"line":114,"column":20},"end":{"line":114,"column":25}},"loc":{"start":{"line":114,"column":32},"end":{"line":118,"column":13}},"line":114},"7":{"name":"(anonymous_7)","decl":{"start":{"line":124,"column":25},"end":{"line":124,"column":30}},"loc":{"start":{"line":124,"column":37},"end":{"line":128,"column":11}},"line":124},"8":{"name":"(anonymous_8)","decl":{"start":{"line":141,"column":58},"end":{"line":141,"column":63}},"loc":{"start":{"line":142,"column":8},"end":{"line":150,"column":null}},"line":142}},"branchMap":{"0":{"loc":{"start":{"line":9,"column":35},"end":{"line":9,"column":71}},"type":"default-arg","locations":[{"start":{"line":9,"column":46},"end":{"line":9,"column":71}}],"line":9},"1":{"loc":{"start":{"line":12,"column":11},"end":{"line":12,"column":null}},"type":"cond-expr","locations":[{"start":{"line":12,"column":22},"end":{"line":12,"column":52}},{"start":{"line":12,"column":52},"end":{"line":12,"column":null}}],"line":12}},"s":{"0":1,"1":78,"2":78,"3":1,"4":11,"5":78,"6":1,"7":1,"8":1,"9":1,"10":11,"11":11,"12":11,"13":11,"14":4},"f":{"0":78,"1":11,"2":78,"3":1,"4":11,"5":11,"6":11,"7":11,"8":4},"b":{"0":[78],"1":[28,50]},"meta":{"lastBranch":2,"lastFunction":9,"lastStatement":15,"seen":{"s:9:6:27:Infinity":0,"f:9:6:9:16":0,"b:9:46:9:71":0,"s:10:31:21:Infinity":1,"b:12:22:12:52:12:52:12:Infinity":1,"s:23:2:27:Infinity":2,"s:36:6:55:Infinity":3,"f:36:6:36:22":1,"s:37:2:55:Infinity":4,"f:51:16:51:21":2,"s:52:8:52:Infinity":5,"s:58:15:58:Infinity":6,"s:59:20:59:Infinity":7,"s:61:13:192:Infinity":8,"f:61:13:61:Infinity":3,"s:62:2:192:Infinity":9,"f:86:20:86:25":4,"s:86:32:90:13":10,"f:100:20:100:25":5,"s:100:32:104:13":11,"f:114:20:114:25":6,"s:114:32:118:13":12,"f:124:25:124:30":7,"s:124:37:128:11":13,"f:141:58:141:63":8,"s:142:8:150:Infinity":14}}}
,"C:\\Users\\bobop\\Documents\\own\\storybook\\src\\components\\tokens\\Motion.tsx": {"path":"C:\\Users\\bobop\\Documents\\own\\storybook\\src\\components\\tokens\\Motion.tsx","statementMap":{"0":{"start":{"line":1,"column":9},"end":{"line":1,"column":null}},"1":{"start":{"line":1,"column":45},"end":{"line":1,"column":null}},"2":{"start":{"line":3,"column":18},"end":{"line":7,"column":null}},"3":{"start":{"line":9,"column":16},"end":{"line":13,"column":null}},"4":{"start":{"line":15,"column":27},"end":{"line":20,"column":null}},"5":{"start":{"line":22,"column":29},"end":{"line":28,"column":null}},"6":{"start":{"line":30,"column":36},"end":{"line":37,"column":null}},"7":{"start":{"line":39,"column":13},"end":{"line":135,"column":null}},"8":{"start":{"line":40,"column":30},"end":{"line":40,"column":45}},"9":{"start":{"line":42,"column":2},"end":{"line":135,"column":null}},"10":{"start":{"line":61,"column":23},"end":{"line":61,"column":41}},"11":{"start":{"line":80,"column":8},"end":{"line":104,"column":null}},"12":{"start":{"line":109,"column":8},"end":{"line":133,"column":null}}},"fnMap":{"0":{"name":"(anonymous_0)","decl":{"start":{"line":39,"column":13},"end":{"line":39,"column":28}},"loc":{"start":{"line":39,"column":28},"end":{"line":135,"column":null}},"line":39},"1":{"name":"(anonymous_1)","decl":{"start":{"line":61,"column":8},"end":{"line":61,"column":23}},"loc":{"start":{"line":61,"column":23},"end":{"line":61,"column":41}},"line":61},"2":{"name":"(anonymous_2)","decl":{"start":{"line":79,"column":17},"end":{"line":79,"column":22}},"loc":{"start":{"line":80,"column":8},"end":{"line":104,"column":null}},"line":80},"3":{"name":"(anonymous_3)","decl":{"start":{"line":108,"column":15},"end":{"line":108,"column":20}},"loc":{"start":{"line":109,"column":8},"end":{"line":133,"column":null}},"line":109}},"branchMap":{"0":{"loc":{"start":{"line":75,"column":9},"end":{"line":75,"column":null}},"type":"cond-expr","locations":[{"start":{"line":75,"column":18},"end":{"line":75,"column":36}},{"start":{"line":75,"column":36},"end":{"line":75,"column":null}}],"line":75},"1":{"loc":{"start":{"line":93,"column":20},"end":{"line":93,"column":null}},"type":"cond-expr","locations":[{"start":{"line":93,"column":29},"end":{"line":93,"column":51}},{"start":{"line":93,"column":51},"end":{"line":93,"column":null}}],"line":93},"2":{"loc":{"start":{"line":122,"column":20},"end":{"line":122,"column":null}},"type":"cond-expr","locations":[{"start":{"line":122,"column":29},"end":{"line":122,"column":51}},{"start":{"line":122,"column":51},"end":{"line":122,"column":null}}],"line":122}},"s":{"0":1,"1":1,"2":1,"3":1,"4":1,"5":1,"6":1,"7":1,"8":1,"9":1,"10":0,"11":3,"12":3},"f":{"0":1,"1":0,"2":3,"3":3},"b":{"0":[0,1],"1":[0,3],"2":[0,3]},"meta":{"lastBranch":3,"lastFunction":4,"lastStatement":13,"seen":{"s:1:9:1:Infinity":0,"s:1:45:1:Infinity":1,"s:3:18:7:Infinity":2,"s:9:16:13:Infinity":3,"s:15:27:20:Infinity":4,"s:22:29:28:Infinity":5,"s:30:36:37:Infinity":6,"s:39:13:135:Infinity":7,"f:39:13:39:28":0,"s:40:30:40:45":8,"s:42:2:135:Infinity":9,"f:61:8:61:23":1,"s:61:23:61:41":10,"b:75:18:75:36:75:36:75:Infinity":0,"f:79:17:79:22":2,"s:80:8:104:Infinity":11,"b:93:29:93:51:93:51:93:Infinity":1,"f:108:15:108:20":3,"s:109:8:133:Infinity":12,"b:122:29:122:51:122:51:122:Infinity":2}}}
,"C:\\Users\\bobop\\Documents\\own\\storybook\\src\\components\\tokens\\Opacity.tsx": {"path":"C:\\Users\\bobop\\Documents\\own\\storybook\\src\\components\\tokens\\Opacity.tsx","statementMap":{"0":{"start":{"line":3,"column":18},"end":{"line":7,"column":null}},"1":{"start":{"line":9,"column":28},"end":{"line":16,"column":null}},"2":{"start":{"line":18,"column":13},"end":{"line":121,"column":null}},"3":{"start":{"line":19,"column":2},"end":{"line":121,"column":null}},"4":{"start":{"line":42,"column":8},"end":{"line":118,"column":null}}},"fnMap":{"0":{"name":"(anonymous_0)","decl":{"start":{"line":18,"column":13},"end":{"line":18,"column":null}},"loc":{"start":{"line":19,"column":2},"end":{"line":121,"column":null}},"line":19},"1":{"name":"(anonymous_1)","decl":{"start":{"line":41,"column":17},"end":{"line":41,"column":22}},"loc":{"start":{"line":42,"column":8},"end":{"line":118,"column":null}},"line":42}},"branchMap":{"0":{"loc":{"start":{"line":92,"column":11},"end":{"line":116,"column":null}},"type":"binary-expr","locations":[{"start":{"line":92,"column":11},"end":{"line":92,"column":null}},{"start":{"line":93,"column":12},"end":{"line":116,"column":null}}],"line":92}},"s":{"0":1,"1":1,"2":1,"3":1,"4":3},"f":{"0":1,"1":3},"b":{"0":[3,1]},"meta":{"lastBranch":1,"lastFunction":2,"lastStatement":5,"seen":{"s:3:18:7:Infinity":0,"s:9:28:16:Infinity":1,"s:18:13:121:Infinity":2,"f:18:13:18:Infinity":0,"s:19:2:121:Infinity":3,"f:41:17:41:22":1,"s:42:8:118:Infinity":4,"b:92:11:92:Infinity:93:12:116:Infinity":0}}}
,"C:\\Users\\bobop\\Documents\\own\\storybook\\src\\components\\tokens\\Radius.tsx": {"path":"C:\\Users\\bobop\\Documents\\own\\storybook\\src\\components\\tokens\\Radius.tsx","statementMap":{"0":{"start":{"line":3,"column":14},"end":{"line":10,"column":null}},"1":{"start":{"line":12,"column":28},"end":{"line":17,"column":null}},"2":{"start":{"line":19,"column":13},"end":{"line":65,"column":null}},"3":{"start":{"line":20,"column":2},"end":{"line":65,"column":null}},"4":{"start":{"line":43,"column":8},"end":{"line":62,"column":null}}},"fnMap":{"0":{"name":"(anonymous_0)","decl":{"start":{"line":19,"column":13},"end":{"line":19,"column":null}},"loc":{"start":{"line":20,"column":2},"end":{"line":65,"column":null}},"line":20},"1":{"name":"(anonymous_1)","decl":{"start":{"line":42,"column":13},"end":{"line":42,"column":18}},"loc":{"start":{"line":43,"column":8},"end":{"line":62,"column":null}},"line":43}},"branchMap":{},"s":{"0":1,"1":1,"2":1,"3":1,"4":6},"f":{"0":1,"1":6},"b":{},"meta":{"lastBranch":0,"lastFunction":2,"lastStatement":5,"seen":{"s:3:14:10:Infinity":0,"s:12:28:17:Infinity":1,"s:19:13:65:Infinity":2,"f:19:13:19:Infinity":0,"s:20:2:65:Infinity":3,"f:42:13:42:18":1,"s:43:8:62:Infinity":4}}}
,"C:\\Users\\bobop\\Documents\\own\\storybook\\src\\components\\tokens\\Shadows.tsx": {"path":"C:\\Users\\bobop\\Documents\\own\\storybook\\src\\components\\tokens\\Shadows.tsx","statementMap":{"0":{"start":{"line":3,"column":16},"end":{"line":9,"column":null}},"1":{"start":{"line":11,"column":28},"end":{"line":16,"column":null}},"2":{"start":{"line":18,"column":13},"end":{"line":69,"column":null}},"3":{"start":{"line":19,"column":2},"end":{"line":69,"column":null}},"4":{"start":{"line":42,"column":8},"end":{"line":66,"column":null}}},"fnMap":{"0":{"name":"(anonymous_0)","decl":{"start":{"line":18,"column":13},"end":{"line":18,"column":null}},"loc":{"start":{"line":19,"column":2},"end":{"line":69,"column":null}},"line":19},"1":{"name":"(anonymous_1)","decl":{"start":{"line":41,"column":15},"end":{"line":41,"column":20}},"loc":{"start":{"line":42,"column":8},"end":{"line":66,"column":null}},"line":42}},"branchMap":{},"s":{"0":1,"1":1,"2":1,"3":1,"4":5},"f":{"0":1,"1":5},"b":{},"meta":{"lastBranch":0,"lastFunction":2,"lastStatement":5,"seen":{"s:3:16:9:Infinity":0,"s:11:28:16:Infinity":1,"s:18:13:69:Infinity":2,"f:18:13:18:Infinity":0,"s:19:2:69:Infinity":3,"f:41:15:41:20":1,"s:42:8:66:Infinity":4}}}
,"C:\\Users\\bobop\\Documents\\own\\storybook\\src\\components\\tokens\\Spacing.tsx": {"path":"C:\\Users\\bobop\\Documents\\own\\storybook\\src\\components\\tokens\\Spacing.tsx","statementMap":{"0":{"start":{"line":3,"column":14},"end":{"line":14,"column":null}},"1":{"start":{"line":16,"column":27},"end":{"line":21,"column":null}},"2":{"start":{"line":23,"column":29},"end":{"line":30,"column":null}},"3":{"start":{"line":32,"column":13},"end":{"line":68,"column":null}},"4":{"start":{"line":33,"column":2},"end":{"line":68,"column":null}},"5":{"start":{"line":51,"column":6},"end":{"line":66,"column":null}}},"fnMap":{"0":{"name":"(anonymous_0)","decl":{"start":{"line":32,"column":13},"end":{"line":32,"column":null}},"loc":{"start":{"line":33,"column":2},"end":{"line":68,"column":null}},"line":33},"1":{"name":"(anonymous_1)","decl":{"start":{"line":50,"column":11},"end":{"line":50,"column":16}},"loc":{"start":{"line":51,"column":6},"end":{"line":66,"column":null}},"line":51}},"branchMap":{},"s":{"0":1,"1":1,"2":1,"3":1,"4":1,"5":10},"f":{"0":1,"1":10},"b":{},"meta":{"lastBranch":0,"lastFunction":2,"lastStatement":6,"seen":{"s:3:14:14:Infinity":0,"s:16:27:21:Infinity":1,"s:23:29:30:Infinity":2,"s:32:13:68:Infinity":3,"f:32:13:32:Infinity":0,"s:33:2:68:Infinity":4,"f:50:11:50:16":1,"s:51:6:66:Infinity":5}}}
,"C:\\Users\\bobop\\Documents\\own\\storybook\\src\\components\\tokens\\Typography.tsx": {"path":"C:\\Users\\bobop\\Documents\\own\\storybook\\src\\components\\tokens\\Typography.tsx","statementMap":{"0":{"start":{"line":3,"column":36},"end":{"line":10,"column":null}},"1":{"start":{"line":12,"column":27},"end":{"line":19,"column":null}},"2":{"start":{"line":21,"column":29},"end":{"line":27,"column":null}},"3":{"start":{"line":29,"column":14},"end":{"line":40,"column":null}},"4":{"start":{"line":42,"column":16},"end":{"line":46,"column":null}},"5":{"start":{"line":48,"column":20},"end":{"line":52,"column":null}},"6":{"start":{"line":54,"column":13},"end":{"line":128,"column":null}},"7":{"start":{"line":55,"column":2},"end":{"line":128,"column":null}},"8":{"start":{"line":89,"column":6},"end":{"line":94,"column":null}},"9":{"start":{"line":99,"column":6},"end":{"line":109,"column":null}},"10":{"start":{"line":114,"column":6},"end":{"line":126,"column":null}}},"fnMap":{"0":{"name":"(anonymous_0)","decl":{"start":{"line":54,"column":13},"end":{"line":54,"column":null}},"loc":{"start":{"line":55,"column":2},"end":{"line":128,"column":null}},"line":55},"1":{"name":"(anonymous_1)","decl":{"start":{"line":88,"column":11},"end":{"line":88,"column":16}},"loc":{"start":{"line":89,"column":6},"end":{"line":94,"column":null}},"line":89},"2":{"name":"(anonymous_2)","decl":{"start":{"line":98,"column":13},"end":{"line":98,"column":18}},"loc":{"start":{"line":99,"column":6},"end":{"line":109,"column":null}},"line":99},"3":{"name":"(anonymous_3)","decl":{"start":{"line":113,"column":17},"end":{"line":113,"column":22}},"loc":{"start":{"line":114,"column":6},"end":{"line":126,"column":null}},"line":114}},"branchMap":{},"s":{"0":1,"1":1,"2":1,"3":1,"4":1,"5":1,"6":1,"7":1,"8":10,"9":3,"10":3},"f":{"0":1,"1":10,"2":3,"3":3},"b":{},"meta":{"lastBranch":0,"lastFunction":4,"lastStatement":11,"seen":{"s:3:36:10:Infinity":0,"s:12:27:19:Infinity":1,"s:21:29:27:Infinity":2,"s:29:14:40:Infinity":3,"s:42:16:46:Infinity":4,"s:48:20:52:Infinity":5,"s:54:13:128:Infinity":6,"f:54:13:54:Infinity":0,"s:55:2:128:Infinity":7,"f:88:11:88:16":1,"s:89:6:94:Infinity":8,"f:98:13:98:18":2,"s:99:6:109:Infinity":9,"f:113:17:113:22":3,"s:114:6:126:Infinity":10}}}
,"C:\\Users\\bobop\\Documents\\own\\storybook\\src\\tokens\\design-system.css": {"path":"C:\\Users\\bobop\\Documents\\own\\storybook\\src\\tokens\\design-system.css","statementMap":{},"fnMap":{},"branchMap":{},"s":{},"f":{},"b":{},"meta":{"lastBranch":0,"lastFunction":0,"lastStatement":0,"seen":{}}}
}
